                                      1 ;--------------------------------------------------------
                                      2 ; File Created by SDCC : free open source ANSI-C Compiler
                                      3 ; Version 4.0.0 #11528 (MINGW64)
                                      4 ;--------------------------------------------------------
                                      5 	.module ds3231
                                      6 	.optsdcc -mstm8
                                      7 	
                                      8 ;--------------------------------------------------------
                                      9 ; Public variables in this module
                                     10 ;--------------------------------------------------------
                                     11 	.globl _I2C_MasterReceiveData
                                     12 	.globl _I2C_Init
                                     13 	.globl _DS3231_Buf
                                     14 	.globl _DS3231_TimeSturcture
                                     15 	.globl _DS3231_Init
                                     16 	.globl _DS3231_GetTime
                                     17 ;--------------------------------------------------------
                                     18 ; ram data
                                     19 ;--------------------------------------------------------
                                     20 	.area DATA
                           000000    21 G$DS3231_TimeSturcture$0_0$0==.
      000000                         22 _DS3231_TimeSturcture::
      000000                         23 	.ds 8
                                     24 ;--------------------------------------------------------
                                     25 ; ram data
                                     26 ;--------------------------------------------------------
                                     27 	.area INITIALIZED
                           000000    28 G$DS3231_Buf$0_0$0==.
      000000                         29 _DS3231_Buf::
      000000                         30 	.ds 8
                                     31 ;--------------------------------------------------------
                                     32 ; absolute external ram data
                                     33 ;--------------------------------------------------------
                                     34 	.area DABS (ABS)
                                     35 
                                     36 ; default segment ordering for linker
                                     37 	.area HOME
                                     38 	.area GSINIT
                                     39 	.area GSFINAL
                                     40 	.area CONST
                                     41 	.area INITIALIZER
                                     42 	.area CODE
                                     43 
                                     44 ;--------------------------------------------------------
                                     45 ; global & static initialisations
                                     46 ;--------------------------------------------------------
                                     47 	.area HOME
                                     48 	.area GSINIT
                                     49 	.area GSFINAL
                                     50 	.area GSINIT
                                     51 ;--------------------------------------------------------
                                     52 ; Home
                                     53 ;--------------------------------------------------------
                                     54 	.area HOME
                                     55 	.area HOME
                                     56 ;--------------------------------------------------------
                                     57 ; code
                                     58 ;--------------------------------------------------------
                                     59 	.area CODE
                           000000    60 	Sds3231$DS3231_Init$0 ==.
                                     61 ;	Source/Device/Src/ds3231.c: 29: void DS3231_Init(void)
                                     62 ;	-----------------------------------------
                                     63 ;	 function DS3231_Init
                                     64 ;	-----------------------------------------
      000000                         65 _DS3231_Init:
                           000000    66 	Sds3231$DS3231_Init$1 ==.
                           000000    67 	Sds3231$DS3231_Init$2 ==.
                                     68 ;	Source/Device/Src/ds3231.c: 31: I2C_Init();
      000000 CCr00r00         [ 2]   69 	jp	_I2C_Init
                           000003    70 	Sds3231$DS3231_Init$3 ==.
                                     71 ;	Source/Device/Src/ds3231.c: 32: }
                           000003    72 	Sds3231$DS3231_Init$4 ==.
                           000003    73 	XG$DS3231_Init$0$0 ==.
      000003 81               [ 4]   74 	ret
                           000004    75 	Sds3231$DS3231_Init$5 ==.
                           000004    76 	Sds3231$DS3231_GetTime$6 ==.
                                     77 ;	Source/Device/Src/ds3231.c: 34: void DS3231_GetTime(void)
                                     78 ;	-----------------------------------------
                                     79 ;	 function DS3231_GetTime
                                     80 ;	-----------------------------------------
      000004                         81 _DS3231_GetTime:
                           000004    82 	Sds3231$DS3231_GetTime$7 ==.
      000004 52 04            [ 2]   83 	sub	sp, #4
                           000006    84 	Sds3231$DS3231_GetTime$8 ==.
                           000006    85 	Sds3231$DS3231_GetTime$9 ==.
                           000006    86 	Sds3231$DS3231_GetTime$10 ==.
                                     87 ;	Source/Device/Src/ds3231.c: 36: for(int i=0;i<7;++i)
                           000006    88 	Sds3231$DS3231_GetTime$11 ==.
      000006 5F               [ 1]   89 	clrw	x
      000007 1F 03            [ 2]   90 	ldw	(0x03, sp), x
                           000009    91 	Sds3231$DS3231_GetTime$12 ==.
      000009                         92 00103$:
      000009 1E 03            [ 2]   93 	ldw	x, (0x03, sp)
      00000B A3 00 07         [ 2]   94 	cpw	x, #0x0007
      00000E 2E 19            [ 1]   95 	jrsge	00101$
                           000010    96 	Sds3231$DS3231_GetTime$13 ==.
                                     97 ;	Source/Device/Src/ds3231.c: 39: &DS3231_Buf[i],1);
      000010 1E 03            [ 2]   98 	ldw	x, (0x03, sp)
      000012 1Cr00r00         [ 2]   99 	addw	x, #(_DS3231_Buf + 0)
                           000015   100 	Sds3231$DS3231_GetTime$14 ==.
                                    101 ;	Source/Device/Src/ds3231.c: 38: I2C_MasterReceiveData(DS3231_ADDR,DS3231_SECONDS+i,
      000015 7B 04            [ 1]  102 	ld	a, (0x04, sp)
      000017 4B 01            [ 1]  103 	push	#0x01
                           000019   104 	Sds3231$DS3231_GetTime$15 ==.
      000019 89               [ 2]  105 	pushw	x
                           00001A   106 	Sds3231$DS3231_GetTime$16 ==.
      00001A 88               [ 1]  107 	push	a
                           00001B   108 	Sds3231$DS3231_GetTime$17 ==.
      00001B 4B 68            [ 1]  109 	push	#0x68
                           00001D   110 	Sds3231$DS3231_GetTime$18 ==.
      00001D CDr00r00         [ 4]  111 	call	_I2C_MasterReceiveData
      000020 5B 05            [ 2]  112 	addw	sp, #5
                           000022   113 	Sds3231$DS3231_GetTime$19 ==.
                           000022   114 	Sds3231$DS3231_GetTime$20 ==.
                           000022   115 	Sds3231$DS3231_GetTime$21 ==.
                                    116 ;	Source/Device/Src/ds3231.c: 36: for(int i=0;i<7;++i)
      000022 1E 03            [ 2]  117 	ldw	x, (0x03, sp)
      000024 5C               [ 1]  118 	incw	x
      000025 1F 03            [ 2]  119 	ldw	(0x03, sp), x
      000027 20 E0            [ 2]  120 	jra	00103$
      000029                        121 00101$:
                           000029   122 	Sds3231$DS3231_GetTime$22 ==.
                           000029   123 	Sds3231$DS3231_GetTime$23 ==.
                                    124 ;	Source/Device/Src/ds3231.c: 44: DS3231_TimeSturcture.seconds=(DS3231_Buf[0]&0x0F)+((DS3231_Buf[0]&0xF0)>>4)*10;
      000029 C6u00u00         [ 1]  125 	ld	a, _DS3231_Buf+0
      00002C 97               [ 1]  126 	ld	xl, a
      00002D A4 0F            [ 1]  127 	and	a, #0x0f
      00002F 6B 04            [ 1]  128 	ld	(0x04, sp), a
      000031 9F               [ 1]  129 	ld	a, xl
      000032 A4 F0            [ 1]  130 	and	a, #0xf0
      000034 97               [ 1]  131 	ld	xl, a
      000035 4F               [ 1]  132 	clr	a
      000036 95               [ 1]  133 	ld	xh, a
      000037 57               [ 2]  134 	sraw	x
      000038 57               [ 2]  135 	sraw	x
      000039 57               [ 2]  136 	sraw	x
      00003A 57               [ 2]  137 	sraw	x
      00003B A6 0A            [ 1]  138 	ld	a, #0x0a
      00003D 42               [ 4]  139 	mul	x, a
      00003E 9F               [ 1]  140 	ld	a, xl
      00003F 1B 04            [ 1]  141 	add	a, (0x04, sp)
      000041 C7u00u00         [ 1]  142 	ld	_DS3231_TimeSturcture+0, a
                           000044   143 	Sds3231$DS3231_GetTime$24 ==.
                                    144 ;	Source/Device/Src/ds3231.c: 45: DS3231_TimeSturcture.minutes=(DS3231_Buf[1]&0x0F)+((DS3231_Buf[1]&0xF0)>>4)*10;
      000044 90 AEr00r01      [ 2]  145 	ldw	y, #(_DS3231_TimeSturcture + 0)+1
      000048 C6u00u01         [ 1]  146 	ld	a, _DS3231_Buf+1
      00004B 97               [ 1]  147 	ld	xl, a
      00004C A4 0F            [ 1]  148 	and	a, #0x0f
      00004E 6B 04            [ 1]  149 	ld	(0x04, sp), a
      000050 9F               [ 1]  150 	ld	a, xl
      000051 A4 F0            [ 1]  151 	and	a, #0xf0
      000053 97               [ 1]  152 	ld	xl, a
      000054 4F               [ 1]  153 	clr	a
      000055 95               [ 1]  154 	ld	xh, a
      000056 57               [ 2]  155 	sraw	x
      000057 57               [ 2]  156 	sraw	x
      000058 57               [ 2]  157 	sraw	x
      000059 57               [ 2]  158 	sraw	x
      00005A A6 0A            [ 1]  159 	ld	a, #0x0a
      00005C 42               [ 4]  160 	mul	x, a
      00005D 9F               [ 1]  161 	ld	a, xl
      00005E 1B 04            [ 1]  162 	add	a, (0x04, sp)
      000060 90 F7            [ 1]  163 	ld	(y), a
                           000062   164 	Sds3231$DS3231_GetTime$25 ==.
                                    165 ;	Source/Device/Src/ds3231.c: 46: DS3231_TimeSturcture.hours=(DS3231_Buf[2]&0x0F)+((DS3231_Buf[2]&0xF0)>>4)*10;
      000062 90 AEr00r02      [ 2]  166 	ldw	y, #(_DS3231_TimeSturcture + 0)+2
      000066 C6u00u02         [ 1]  167 	ld	a, _DS3231_Buf+2
      000069 97               [ 1]  168 	ld	xl, a
      00006A A4 0F            [ 1]  169 	and	a, #0x0f
      00006C 6B 04            [ 1]  170 	ld	(0x04, sp), a
      00006E 9F               [ 1]  171 	ld	a, xl
      00006F A4 F0            [ 1]  172 	and	a, #0xf0
      000071 97               [ 1]  173 	ld	xl, a
      000072 4F               [ 1]  174 	clr	a
      000073 95               [ 1]  175 	ld	xh, a
      000074 57               [ 2]  176 	sraw	x
      000075 57               [ 2]  177 	sraw	x
      000076 57               [ 2]  178 	sraw	x
      000077 57               [ 2]  179 	sraw	x
      000078 A6 0A            [ 1]  180 	ld	a, #0x0a
      00007A 42               [ 4]  181 	mul	x, a
      00007B 9F               [ 1]  182 	ld	a, xl
      00007C 1B 04            [ 1]  183 	add	a, (0x04, sp)
      00007E 90 F7            [ 1]  184 	ld	(y), a
                           000080   185 	Sds3231$DS3231_GetTime$26 ==.
                                    186 ;	Source/Device/Src/ds3231.c: 47: DS3231_TimeSturcture.day=(DS3231_Buf[3]&0x0F);
      000080 AEr00r03         [ 2]  187 	ldw	x, #(_DS3231_TimeSturcture + 0)+3
      000083 C6u00u03         [ 1]  188 	ld	a, _DS3231_Buf+3
      000086 A4 0F            [ 1]  189 	and	a, #0x0f
      000088 F7               [ 1]  190 	ld	(x), a
                           000089   191 	Sds3231$DS3231_GetTime$27 ==.
                                    192 ;	Source/Device/Src/ds3231.c: 48: DS3231_TimeSturcture.date=(DS3231_Buf[4]&0x0F)+((DS3231_Buf[4]&0xF0)>>4)*10;
      000089 90 AEr00r04      [ 2]  193 	ldw	y, #(_DS3231_TimeSturcture + 0)+4
      00008D C6u00u04         [ 1]  194 	ld	a, _DS3231_Buf+4
      000090 97               [ 1]  195 	ld	xl, a
      000091 A4 0F            [ 1]  196 	and	a, #0x0f
      000093 6B 04            [ 1]  197 	ld	(0x04, sp), a
      000095 9F               [ 1]  198 	ld	a, xl
      000096 A4 F0            [ 1]  199 	and	a, #0xf0
      000098 97               [ 1]  200 	ld	xl, a
      000099 4F               [ 1]  201 	clr	a
      00009A 95               [ 1]  202 	ld	xh, a
      00009B 57               [ 2]  203 	sraw	x
      00009C 57               [ 2]  204 	sraw	x
      00009D 57               [ 2]  205 	sraw	x
      00009E 57               [ 2]  206 	sraw	x
      00009F A6 0A            [ 1]  207 	ld	a, #0x0a
      0000A1 42               [ 4]  208 	mul	x, a
      0000A2 9F               [ 1]  209 	ld	a, xl
      0000A3 1B 04            [ 1]  210 	add	a, (0x04, sp)
      0000A5 90 F7            [ 1]  211 	ld	(y), a
                           0000A7   212 	Sds3231$DS3231_GetTime$28 ==.
                                    213 ;	Source/Device/Src/ds3231.c: 49: DS3231_TimeSturcture.month=(DS3231_Buf[5]&0x0F)+((DS3231_Buf[5]&0xF0)>>4)*10;
      0000A7 90 AEr00r05      [ 2]  214 	ldw	y, #(_DS3231_TimeSturcture + 0)+5
      0000AB C6u00u05         [ 1]  215 	ld	a, _DS3231_Buf+5
      0000AE 97               [ 1]  216 	ld	xl, a
      0000AF A4 0F            [ 1]  217 	and	a, #0x0f
      0000B1 6B 04            [ 1]  218 	ld	(0x04, sp), a
      0000B3 9F               [ 1]  219 	ld	a, xl
      0000B4 A4 F0            [ 1]  220 	and	a, #0xf0
      0000B6 97               [ 1]  221 	ld	xl, a
      0000B7 4F               [ 1]  222 	clr	a
      0000B8 95               [ 1]  223 	ld	xh, a
      0000B9 57               [ 2]  224 	sraw	x
      0000BA 57               [ 2]  225 	sraw	x
      0000BB 57               [ 2]  226 	sraw	x
      0000BC 57               [ 2]  227 	sraw	x
      0000BD A6 0A            [ 1]  228 	ld	a, #0x0a
      0000BF 42               [ 4]  229 	mul	x, a
      0000C0 9F               [ 1]  230 	ld	a, xl
      0000C1 1B 04            [ 1]  231 	add	a, (0x04, sp)
      0000C3 90 F7            [ 1]  232 	ld	(y), a
                           0000C5   233 	Sds3231$DS3231_GetTime$29 ==.
                                    234 ;	Source/Device/Src/ds3231.c: 50: DS3231_TimeSturcture.year=2000+(DS3231_Buf[6]&0x0F)+((DS3231_Buf[6]&0xF0)>>4)*10;
      0000C5 90 AEr00r06      [ 2]  235 	ldw	y, #(_DS3231_TimeSturcture + 0)+6
      0000C9 C6u00u06         [ 1]  236 	ld	a, _DS3231_Buf+6
      0000CC 0F 01            [ 1]  237 	clr	(0x01, sp)
      0000CE 88               [ 1]  238 	push	a
                           0000CF   239 	Sds3231$DS3231_GetTime$30 ==.
      0000CF A4 0F            [ 1]  240 	and	a, #0x0f
      0000D1 97               [ 1]  241 	ld	xl, a
      0000D2 4F               [ 1]  242 	clr	a
      0000D3 95               [ 1]  243 	ld	xh, a
      0000D4 84               [ 1]  244 	pop	a
                           0000D5   245 	Sds3231$DS3231_GetTime$31 ==.
      0000D5 1C 07 D0         [ 2]  246 	addw	x, #0x07d0
      0000D8 1F 03            [ 2]  247 	ldw	(0x03, sp), x
      0000DA A4 F0            [ 1]  248 	and	a, #0xf0
      0000DC 97               [ 1]  249 	ld	xl, a
      0000DD 4F               [ 1]  250 	clr	a
      0000DE 95               [ 1]  251 	ld	xh, a
      0000DF 57               [ 2]  252 	sraw	x
      0000E0 57               [ 2]  253 	sraw	x
      0000E1 57               [ 2]  254 	sraw	x
      0000E2 57               [ 2]  255 	sraw	x
      0000E3 89               [ 2]  256 	pushw	x
                           0000E4   257 	Sds3231$DS3231_GetTime$32 ==.
      0000E4 58               [ 2]  258 	sllw	x
      0000E5 58               [ 2]  259 	sllw	x
      0000E6 72 FB 01         [ 2]  260 	addw	x, (1, sp)
      0000E9 58               [ 2]  261 	sllw	x
      0000EA 5B 02            [ 2]  262 	addw	sp, #2
                           0000EC   263 	Sds3231$DS3231_GetTime$33 ==.
      0000EC 72 FB 03         [ 2]  264 	addw	x, (0x03, sp)
      0000EF 90 FF            [ 2]  265 	ldw	(y), x
                           0000F1   266 	Sds3231$DS3231_GetTime$34 ==.
                                    267 ;	Source/Device/Src/ds3231.c: 51: }
      0000F1 5B 04            [ 2]  268 	addw	sp, #4
                           0000F3   269 	Sds3231$DS3231_GetTime$35 ==.
                           0000F3   270 	Sds3231$DS3231_GetTime$36 ==.
                           0000F3   271 	XG$DS3231_GetTime$0$0 ==.
      0000F3 81               [ 4]  272 	ret
                           0000F4   273 	Sds3231$DS3231_GetTime$37 ==.
                                    274 	.area CODE
                                    275 	.area CONST
                                    276 	.area INITIALIZER
                           000000   277 Fds3231$__xinit_DS3231_Buf$0_0$0 == .
      000000                        278 __xinit__DS3231_Buf:
      000000 00                     279 	.db #0x00	; 0
      000001 00                     280 	.db 0x00
      000002 00                     281 	.db 0x00
      000003 00                     282 	.db 0x00
      000004 00                     283 	.db 0x00
      000005 00                     284 	.db 0x00
      000006 00                     285 	.db 0x00
      000007 00                     286 	.db 0x00
                                    287 	.area CABS (ABS)
                                    288 
                                    289 	.area .debug_line (NOLOAD)
      000000 00 00 00 F5            290 	.dw	0,Ldebug_line_end-Ldebug_line_start
      000004                        291 Ldebug_line_start:
      000004 00 02                  292 	.dw	2
      000006 00 00 00 7B            293 	.dw	0,Ldebug_line_stmt-6-Ldebug_line_start
      00000A 01                     294 	.db	1
      00000B 01                     295 	.db	1
      00000C FB                     296 	.db	-5
      00000D 0F                     297 	.db	15
      00000E 0A                     298 	.db	10
      00000F 00                     299 	.db	0
      000010 01                     300 	.db	1
      000011 01                     301 	.db	1
      000012 01                     302 	.db	1
      000013 01                     303 	.db	1
      000014 00                     304 	.db	0
      000015 00                     305 	.db	0
      000016 00                     306 	.db	0
      000017 01                     307 	.db	1
      000018 43 3A 5C 50 72 6F 67   308 	.ascii "C:\Program Files\SDCC\bin\..\include\stm8"
             72 61 6D 20 46 69 6C
             65 73 5C 53 44 43 43
             08 69 6E 5C 2E 2E 5C
             69 6E 63 6C 75 64 65
             5C 73 74 6D 38
      000040 00                     309 	.db	0
      000041 43 3A 5C 50 72 6F 67   310 	.ascii "C:\Program Files\SDCC\bin\..\include"
             72 61 6D 20 46 69 6C
             65 73 5C 53 44 43 43
             08 69 6E 5C 2E 2E 5C
             69 6E 63 6C 75 64 65
      000064 00                     311 	.db	0
      000065 00                     312 	.db	0
      000066 53 6F 75 72 63 65 2F   313 	.ascii "Source/Device/Src/ds3231.c"
             44 65 76 69 63 65 2F
             53 72 63 2F 64 73 33
             32 33 31 2E 63
      000080 00                     314 	.db	0
      000081 00                     315 	.uleb128	0
      000082 00                     316 	.uleb128	0
      000083 00                     317 	.uleb128	0
      000084 00                     318 	.db	0
      000085                        319 Ldebug_line_stmt:
      000085 00                     320 	.db	0
      000086 05                     321 	.uleb128	5
      000087 02                     322 	.db	2
      000088 00 00r00r00            323 	.dw	0,(Sds3231$DS3231_Init$0)
      00008C 03                     324 	.db	3
      00008D 1C                     325 	.sleb128	28
      00008E 01                     326 	.db	1
      00008F 09                     327 	.db	9
      000090 00 00                  328 	.dw	Sds3231$DS3231_Init$2-Sds3231$DS3231_Init$0
      000092 03                     329 	.db	3
      000093 02                     330 	.sleb128	2
      000094 01                     331 	.db	1
      000095 09                     332 	.db	9
      000096 00 03                  333 	.dw	Sds3231$DS3231_Init$3-Sds3231$DS3231_Init$2
      000098 03                     334 	.db	3
      000099 01                     335 	.sleb128	1
      00009A 01                     336 	.db	1
      00009B 09                     337 	.db	9
      00009C 00 01                  338 	.dw	1+Sds3231$DS3231_Init$4-Sds3231$DS3231_Init$3
      00009E 00                     339 	.db	0
      00009F 01                     340 	.uleb128	1
      0000A0 01                     341 	.db	1
      0000A1 00                     342 	.db	0
      0000A2 05                     343 	.uleb128	5
      0000A3 02                     344 	.db	2
      0000A4 00 00r00r04            345 	.dw	0,(Sds3231$DS3231_GetTime$6)
      0000A8 03                     346 	.db	3
      0000A9 21                     347 	.sleb128	33
      0000AA 01                     348 	.db	1
      0000AB 09                     349 	.db	9
      0000AC 00 02                  350 	.dw	Sds3231$DS3231_GetTime$10-Sds3231$DS3231_GetTime$6
      0000AE 03                     351 	.db	3
      0000AF 02                     352 	.sleb128	2
      0000B0 01                     353 	.db	1
      0000B1 09                     354 	.db	9
      0000B2 00 0A                  355 	.dw	Sds3231$DS3231_GetTime$13-Sds3231$DS3231_GetTime$10
      0000B4 03                     356 	.db	3
      0000B5 03                     357 	.sleb128	3
      0000B6 01                     358 	.db	1
      0000B7 09                     359 	.db	9
      0000B8 00 05                  360 	.dw	Sds3231$DS3231_GetTime$14-Sds3231$DS3231_GetTime$13
      0000BA 03                     361 	.db	3
      0000BB 7F                     362 	.sleb128	-1
      0000BC 01                     363 	.db	1
      0000BD 09                     364 	.db	9
      0000BE 00 0D                  365 	.dw	Sds3231$DS3231_GetTime$21-Sds3231$DS3231_GetTime$14
      0000C0 03                     366 	.db	3
      0000C1 7E                     367 	.sleb128	-2
      0000C2 01                     368 	.db	1
      0000C3 09                     369 	.db	9
      0000C4 00 07                  370 	.dw	Sds3231$DS3231_GetTime$23-Sds3231$DS3231_GetTime$21
      0000C6 03                     371 	.db	3
      0000C7 08                     372 	.sleb128	8
      0000C8 01                     373 	.db	1
      0000C9 09                     374 	.db	9
      0000CA 00 1B                  375 	.dw	Sds3231$DS3231_GetTime$24-Sds3231$DS3231_GetTime$23
      0000CC 03                     376 	.db	3
      0000CD 01                     377 	.sleb128	1
      0000CE 01                     378 	.db	1
      0000CF 09                     379 	.db	9
      0000D0 00 1E                  380 	.dw	Sds3231$DS3231_GetTime$25-Sds3231$DS3231_GetTime$24
      0000D2 03                     381 	.db	3
      0000D3 01                     382 	.sleb128	1
      0000D4 01                     383 	.db	1
      0000D5 09                     384 	.db	9
      0000D6 00 1E                  385 	.dw	Sds3231$DS3231_GetTime$26-Sds3231$DS3231_GetTime$25
      0000D8 03                     386 	.db	3
      0000D9 01                     387 	.sleb128	1
      0000DA 01                     388 	.db	1
      0000DB 09                     389 	.db	9
      0000DC 00 09                  390 	.dw	Sds3231$DS3231_GetTime$27-Sds3231$DS3231_GetTime$26
      0000DE 03                     391 	.db	3
      0000DF 01                     392 	.sleb128	1
      0000E0 01                     393 	.db	1
      0000E1 09                     394 	.db	9
      0000E2 00 1E                  395 	.dw	Sds3231$DS3231_GetTime$28-Sds3231$DS3231_GetTime$27
      0000E4 03                     396 	.db	3
      0000E5 01                     397 	.sleb128	1
      0000E6 01                     398 	.db	1
      0000E7 09                     399 	.db	9
      0000E8 00 1E                  400 	.dw	Sds3231$DS3231_GetTime$29-Sds3231$DS3231_GetTime$28
      0000EA 03                     401 	.db	3
      0000EB 01                     402 	.sleb128	1
      0000EC 01                     403 	.db	1
      0000ED 09                     404 	.db	9
      0000EE 00 2C                  405 	.dw	Sds3231$DS3231_GetTime$34-Sds3231$DS3231_GetTime$29
      0000F0 03                     406 	.db	3
      0000F1 01                     407 	.sleb128	1
      0000F2 01                     408 	.db	1
      0000F3 09                     409 	.db	9
      0000F4 00 03                  410 	.dw	1+Sds3231$DS3231_GetTime$36-Sds3231$DS3231_GetTime$34
      0000F6 00                     411 	.db	0
      0000F7 01                     412 	.uleb128	1
      0000F8 01                     413 	.db	1
      0000F9                        414 Ldebug_line_end:
                                    415 
                                    416 	.area .debug_loc (NOLOAD)
      000000                        417 Ldebug_loc_start:
      000000 00 00r00rF3            418 	.dw	0,(Sds3231$DS3231_GetTime$35)
      000004 00 00r00rF4            419 	.dw	0,(Sds3231$DS3231_GetTime$37)
      000008 00 02                  420 	.dw	2
      00000A 78                     421 	.db	120
      00000B 01                     422 	.sleb128	1
      00000C 00 00r00rEC            423 	.dw	0,(Sds3231$DS3231_GetTime$33)
      000010 00 00r00rF3            424 	.dw	0,(Sds3231$DS3231_GetTime$35)
      000014 00 02                  425 	.dw	2
      000016 78                     426 	.db	120
      000017 05                     427 	.sleb128	5
      000018 00 00r00rE4            428 	.dw	0,(Sds3231$DS3231_GetTime$32)
      00001C 00 00r00rEC            429 	.dw	0,(Sds3231$DS3231_GetTime$33)
      000020 00 02                  430 	.dw	2
      000022 78                     431 	.db	120
      000023 07                     432 	.sleb128	7
      000024 00 00r00rD5            433 	.dw	0,(Sds3231$DS3231_GetTime$31)
      000028 00 00r00rE4            434 	.dw	0,(Sds3231$DS3231_GetTime$32)
      00002C 00 02                  435 	.dw	2
      00002E 78                     436 	.db	120
      00002F 05                     437 	.sleb128	5
      000030 00 00r00rCF            438 	.dw	0,(Sds3231$DS3231_GetTime$30)
      000034 00 00r00rD5            439 	.dw	0,(Sds3231$DS3231_GetTime$31)
      000038 00 02                  440 	.dw	2
      00003A 78                     441 	.db	120
      00003B 06                     442 	.sleb128	6
      00003C 00 00r00r22            443 	.dw	0,(Sds3231$DS3231_GetTime$19)
      000040 00 00r00rCF            444 	.dw	0,(Sds3231$DS3231_GetTime$30)
      000044 00 02                  445 	.dw	2
      000046 78                     446 	.db	120
      000047 05                     447 	.sleb128	5
      000048 00 00r00r1D            448 	.dw	0,(Sds3231$DS3231_GetTime$18)
      00004C 00 00r00r22            449 	.dw	0,(Sds3231$DS3231_GetTime$19)
      000050 00 02                  450 	.dw	2
      000052 78                     451 	.db	120
      000053 0A                     452 	.sleb128	10
      000054 00 00r00r1B            453 	.dw	0,(Sds3231$DS3231_GetTime$17)
      000058 00 00r00r1D            454 	.dw	0,(Sds3231$DS3231_GetTime$18)
      00005C 00 02                  455 	.dw	2
      00005E 78                     456 	.db	120
      00005F 09                     457 	.sleb128	9
      000060 00 00r00r1A            458 	.dw	0,(Sds3231$DS3231_GetTime$16)
      000064 00 00r00r1B            459 	.dw	0,(Sds3231$DS3231_GetTime$17)
      000068 00 02                  460 	.dw	2
      00006A 78                     461 	.db	120
      00006B 08                     462 	.sleb128	8
      00006C 00 00r00r19            463 	.dw	0,(Sds3231$DS3231_GetTime$15)
      000070 00 00r00r1A            464 	.dw	0,(Sds3231$DS3231_GetTime$16)
      000074 00 02                  465 	.dw	2
      000076 78                     466 	.db	120
      000077 06                     467 	.sleb128	6
      000078 00 00r00r06            468 	.dw	0,(Sds3231$DS3231_GetTime$8)
      00007C 00 00r00r19            469 	.dw	0,(Sds3231$DS3231_GetTime$15)
      000080 00 02                  470 	.dw	2
      000082 78                     471 	.db	120
      000083 05                     472 	.sleb128	5
      000084 00 00r00r04            473 	.dw	0,(Sds3231$DS3231_GetTime$7)
      000088 00 00r00r06            474 	.dw	0,(Sds3231$DS3231_GetTime$8)
      00008C 00 02                  475 	.dw	2
      00008E 78                     476 	.db	120
      00008F 01                     477 	.sleb128	1
      000090 00 00 00 00            478 	.dw	0,0
      000094 00 00 00 00            479 	.dw	0,0
      000098 00 00r00r00            480 	.dw	0,(Sds3231$DS3231_Init$1)
      00009C 00 00r00r04            481 	.dw	0,(Sds3231$DS3231_Init$5)
      0000A0 00 02                  482 	.dw	2
      0000A2 78                     483 	.db	120
      0000A3 01                     484 	.sleb128	1
      0000A4 00 00 00 00            485 	.dw	0,0
      0000A8 00 00 00 00            486 	.dw	0,0
                                    487 
                                    488 	.area .debug_abbrev (NOLOAD)
      000000                        489 Ldebug_abbrev:
      000000 0A                     490 	.uleb128	10
      000001 34                     491 	.uleb128	52
      000002 00                     492 	.db	0
      000003 02                     493 	.uleb128	2
      000004 0A                     494 	.uleb128	10
      000005 03                     495 	.uleb128	3
      000006 08                     496 	.uleb128	8
      000007 3F                     497 	.uleb128	63
      000008 0C                     498 	.uleb128	12
      000009 49                     499 	.uleb128	73
      00000A 13                     500 	.uleb128	19
      00000B 00                     501 	.uleb128	0
      00000C 00                     502 	.uleb128	0
      00000D 08                     503 	.uleb128	8
      00000E 01                     504 	.uleb128	1
      00000F 01                     505 	.db	1
      000010 01                     506 	.uleb128	1
      000011 13                     507 	.uleb128	19
      000012 0B                     508 	.uleb128	11
      000013 0B                     509 	.uleb128	11
      000014 49                     510 	.uleb128	73
      000015 13                     511 	.uleb128	19
      000016 00                     512 	.uleb128	0
      000017 00                     513 	.uleb128	0
      000018 03                     514 	.uleb128	3
      000019 2E                     515 	.uleb128	46
      00001A 01                     516 	.db	1
      00001B 01                     517 	.uleb128	1
      00001C 13                     518 	.uleb128	19
      00001D 03                     519 	.uleb128	3
      00001E 08                     520 	.uleb128	8
      00001F 11                     521 	.uleb128	17
      000020 01                     522 	.uleb128	1
      000021 12                     523 	.uleb128	18
      000022 01                     524 	.uleb128	1
      000023 3F                     525 	.uleb128	63
      000024 0C                     526 	.uleb128	12
      000025 40                     527 	.uleb128	64
      000026 06                     528 	.uleb128	6
      000027 00                     529 	.uleb128	0
      000028 00                     530 	.uleb128	0
      000029 06                     531 	.uleb128	6
      00002A 34                     532 	.uleb128	52
      00002B 00                     533 	.db	0
      00002C 02                     534 	.uleb128	2
      00002D 0A                     535 	.uleb128	10
      00002E 03                     536 	.uleb128	3
      00002F 08                     537 	.uleb128	8
      000030 49                     538 	.uleb128	73
      000031 13                     539 	.uleb128	19
      000032 00                     540 	.uleb128	0
      000033 00                     541 	.uleb128	0
      000034 01                     542 	.uleb128	1
      000035 11                     543 	.uleb128	17
      000036 01                     544 	.db	1
      000037 03                     545 	.uleb128	3
      000038 08                     546 	.uleb128	8
      000039 10                     547 	.uleb128	16
      00003A 06                     548 	.uleb128	6
      00003B 13                     549 	.uleb128	19
      00003C 0B                     550 	.uleb128	11
      00003D 25                     551 	.uleb128	37
      00003E 08                     552 	.uleb128	8
      00003F 00                     553 	.uleb128	0
      000040 00                     554 	.uleb128	0
      000041 04                     555 	.uleb128	4
      000042 0B                     556 	.uleb128	11
      000043 01                     557 	.db	1
      000044 11                     558 	.uleb128	17
      000045 01                     559 	.uleb128	1
      000046 12                     560 	.uleb128	18
      000047 01                     561 	.uleb128	1
      000048 00                     562 	.uleb128	0
      000049 00                     563 	.uleb128	0
      00004A 05                     564 	.uleb128	5
      00004B 0B                     565 	.uleb128	11
      00004C 00                     566 	.db	0
      00004D 11                     567 	.uleb128	17
      00004E 01                     568 	.uleb128	1
      00004F 12                     569 	.uleb128	18
      000050 01                     570 	.uleb128	1
      000051 00                     571 	.uleb128	0
      000052 00                     572 	.uleb128	0
      000053 0C                     573 	.uleb128	12
      000054 0D                     574 	.uleb128	13
      000055 00                     575 	.db	0
      000056 03                     576 	.uleb128	3
      000057 08                     577 	.uleb128	8
      000058 38                     578 	.uleb128	56
      000059 0A                     579 	.uleb128	10
      00005A 49                     580 	.uleb128	73
      00005B 13                     581 	.uleb128	19
      00005C 00                     582 	.uleb128	0
      00005D 00                     583 	.uleb128	0
      00005E 02                     584 	.uleb128	2
      00005F 2E                     585 	.uleb128	46
      000060 00                     586 	.db	0
      000061 03                     587 	.uleb128	3
      000062 08                     588 	.uleb128	8
      000063 11                     589 	.uleb128	17
      000064 01                     590 	.uleb128	1
      000065 12                     591 	.uleb128	18
      000066 01                     592 	.uleb128	1
      000067 3F                     593 	.uleb128	63
      000068 0C                     594 	.uleb128	12
      000069 40                     595 	.uleb128	64
      00006A 06                     596 	.uleb128	6
      00006B 00                     597 	.uleb128	0
      00006C 00                     598 	.uleb128	0
      00006D 09                     599 	.uleb128	9
      00006E 21                     600 	.uleb128	33
      00006F 00                     601 	.db	0
      000070 2F                     602 	.uleb128	47
      000071 0B                     603 	.uleb128	11
      000072 00                     604 	.uleb128	0
      000073 00                     605 	.uleb128	0
      000074 0B                     606 	.uleb128	11
      000075 13                     607 	.uleb128	19
      000076 01                     608 	.db	1
      000077 01                     609 	.uleb128	1
      000078 13                     610 	.uleb128	19
      000079 03                     611 	.uleb128	3
      00007A 08                     612 	.uleb128	8
      00007B 0B                     613 	.uleb128	11
      00007C 0B                     614 	.uleb128	11
      00007D 00                     615 	.uleb128	0
      00007E 00                     616 	.uleb128	0
      00007F 07                     617 	.uleb128	7
      000080 24                     618 	.uleb128	36
      000081 00                     619 	.db	0
      000082 03                     620 	.uleb128	3
      000083 08                     621 	.uleb128	8
      000084 0B                     622 	.uleb128	11
      000085 0B                     623 	.uleb128	11
      000086 3E                     624 	.uleb128	62
      000087 0B                     625 	.uleb128	11
      000088 00                     626 	.uleb128	0
      000089 00                     627 	.uleb128	0
      00008A 00                     628 	.uleb128	0
                                    629 
                                    630 	.area .debug_info (NOLOAD)
      000000 00 00 01 7F            631 	.dw	0,Ldebug_info_end-Ldebug_info_start
      000004                        632 Ldebug_info_start:
      000004 00 02                  633 	.dw	2
      000006 00 00r00r00            634 	.dw	0,(Ldebug_abbrev)
      00000A 04                     635 	.db	4
      00000B 01                     636 	.uleb128	1
      00000C 53 6F 75 72 63 65 2F   637 	.ascii "Source/Device/Src/ds3231.c"
             44 65 76 69 63 65 2F
             53 72 63 2F 64 73 33
             32 33 31 2E 63
      000026 00                     638 	.db	0
      000027 00 00r00r00            639 	.dw	0,(Ldebug_line_start+-4)
      00002B 01                     640 	.db	1
      00002C 53 44 43 43 20 76 65   641 	.ascii "SDCC version 4.0.0 #11528"
             72 73 69 6F 6E 20 34
             2E 30 2E 30 20 23 31
             31 35 32 38
      000045 00                     642 	.db	0
      000046 02                     643 	.uleb128	2
      000047 44 53 33 32 33 31 5F   644 	.ascii "DS3231_Init"
             49 6E 69 74
      000052 00                     645 	.db	0
      000053 00 00r00r00            646 	.dw	0,(_DS3231_Init)
      000057 00 00r00r04            647 	.dw	0,(XG$DS3231_Init$0$0+1)
      00005B 01                     648 	.db	1
      00005C 00 00r00r98            649 	.dw	0,(Ldebug_loc_start+152)
      000060 03                     650 	.uleb128	3
      000061 00 00 00 9F            651 	.dw	0,159
      000065 44 53 33 32 33 31 5F   652 	.ascii "DS3231_GetTime"
             47 65 74 54 69 6D 65
      000073 00                     653 	.db	0
      000074 00 00r00r04            654 	.dw	0,(_DS3231_GetTime)
      000078 00 00r00rF4            655 	.dw	0,(XG$DS3231_GetTime$0$0+1)
      00007C 01                     656 	.db	1
      00007D 00 00r00r00            657 	.dw	0,(Ldebug_loc_start)
      000081 04                     658 	.uleb128	4
      000082 00 00r00r09            659 	.dw	0,(Sds3231$DS3231_GetTime$12)
      000086 00 00r00r29            660 	.dw	0,(Sds3231$DS3231_GetTime$22)
      00008A 05                     661 	.uleb128	5
      00008B 00 00r00r06            662 	.dw	0,(Sds3231$DS3231_GetTime$9)
      00008F 00 00r00r06            663 	.dw	0,(Sds3231$DS3231_GetTime$11)
      000093 06                     664 	.uleb128	6
      000094 02                     665 	.db	2
      000095 91                     666 	.db	145
      000096 7E                     667 	.sleb128	-2
      000097 69                     668 	.ascii "i"
      000098 00                     669 	.db	0
      000099 00 00 00 9F            670 	.dw	0,159
      00009D 00                     671 	.uleb128	0
      00009E 00                     672 	.uleb128	0
      00009F 07                     673 	.uleb128	7
      0000A0 69 6E 74               674 	.ascii "int"
      0000A3 00                     675 	.db	0
      0000A4 02                     676 	.db	2
      0000A5 05                     677 	.db	5
      0000A6 07                     678 	.uleb128	7
      0000A7 75 6E 73 69 67 6E 65   679 	.ascii "unsigned char"
             64 20 63 68 61 72
      0000B4 00                     680 	.db	0
      0000B5 01                     681 	.db	1
      0000B6 08                     682 	.db	8
      0000B7 08                     683 	.uleb128	8
      0000B8 00 00 00 C4            684 	.dw	0,196
      0000BC 08                     685 	.db	8
      0000BD 00 00 00 A6            686 	.dw	0,166
      0000C1 09                     687 	.uleb128	9
      0000C2 07                     688 	.db	7
      0000C3 00                     689 	.uleb128	0
      0000C4 0A                     690 	.uleb128	10
      0000C5 05                     691 	.db	5
      0000C6 03                     692 	.db	3
      0000C7 00 00r00r00            693 	.dw	0,(_DS3231_Buf)
      0000CB 44 53 33 32 33 31 5F   694 	.ascii "DS3231_Buf"
             42 75 66
      0000D5 00                     695 	.db	0
      0000D6 01                     696 	.db	1
      0000D7 00 00 00 B7            697 	.dw	0,183
      0000DB 07                     698 	.uleb128	7
      0000DC 75 6E 73 69 67 6E 65   699 	.ascii "unsigned int"
             64 20 69 6E 74
      0000E8 00                     700 	.db	0
      0000E9 02                     701 	.db	2
      0000EA 07                     702 	.db	7
      0000EB 0B                     703 	.uleb128	11
      0000EC 00 00 01 5F            704 	.dw	0,351
      0000F0 5F 5F 30 30 30 30 30   705 	.ascii "__00000009"
             30 30 39
      0000FA 00                     706 	.db	0
      0000FB 08                     707 	.db	8
      0000FC 0C                     708 	.uleb128	12
      0000FD 73 65 63 6F 6E 64 73   709 	.ascii "seconds"
      000104 00                     710 	.db	0
      000105 02                     711 	.db	2
      000106 23                     712 	.db	35
      000107 00                     713 	.uleb128	0
      000108 00 00 00 A6            714 	.dw	0,166
      00010C 0C                     715 	.uleb128	12
      00010D 6D 69 6E 75 74 65 73   716 	.ascii "minutes"
      000114 00                     717 	.db	0
      000115 02                     718 	.db	2
      000116 23                     719 	.db	35
      000117 01                     720 	.uleb128	1
      000118 00 00 00 A6            721 	.dw	0,166
      00011C 0C                     722 	.uleb128	12
      00011D 68 6F 75 72 73         723 	.ascii "hours"
      000122 00                     724 	.db	0
      000123 02                     725 	.db	2
      000124 23                     726 	.db	35
      000125 02                     727 	.uleb128	2
      000126 00 00 00 A6            728 	.dw	0,166
      00012A 0C                     729 	.uleb128	12
      00012B 64 61 79               730 	.ascii "day"
      00012E 00                     731 	.db	0
      00012F 02                     732 	.db	2
      000130 23                     733 	.db	35
      000131 03                     734 	.uleb128	3
      000132 00 00 00 A6            735 	.dw	0,166
      000136 0C                     736 	.uleb128	12
      000137 64 61 74 65            737 	.ascii "date"
      00013B 00                     738 	.db	0
      00013C 02                     739 	.db	2
      00013D 23                     740 	.db	35
      00013E 04                     741 	.uleb128	4
      00013F 00 00 00 A6            742 	.dw	0,166
      000143 0C                     743 	.uleb128	12
      000144 6D 6F 6E 74 68         744 	.ascii "month"
      000149 00                     745 	.db	0
      00014A 02                     746 	.db	2
      00014B 23                     747 	.db	35
      00014C 05                     748 	.uleb128	5
      00014D 00 00 00 A6            749 	.dw	0,166
      000151 0C                     750 	.uleb128	12
      000152 79 65 61 72            751 	.ascii "year"
      000156 00                     752 	.db	0
      000157 02                     753 	.db	2
      000158 23                     754 	.db	35
      000159 06                     755 	.uleb128	6
      00015A 00 00 00 DB            756 	.dw	0,219
      00015E 00                     757 	.uleb128	0
      00015F 0A                     758 	.uleb128	10
      000160 05                     759 	.db	5
      000161 03                     760 	.db	3
      000162 00 00r00r00            761 	.dw	0,(_DS3231_TimeSturcture)
      000166 44 53 33 32 33 31 5F   762 	.ascii "DS3231_TimeSturcture"
             54 69 6D 65 53 74 75
             72 63 74 75 72 65
      00017A 00                     763 	.db	0
      00017B 01                     764 	.db	1
      00017C 00 00 00 EB            765 	.dw	0,235
      000180 00                     766 	.uleb128	0
      000181 00                     767 	.uleb128	0
      000182 00                     768 	.uleb128	0
      000183                        769 Ldebug_info_end:
                                    770 
                                    771 	.area .debug_pubnames (NOLOAD)
      000000 00 00 00 59            772 	.dw	0,Ldebug_pubnames_end-Ldebug_pubnames_start
      000004                        773 Ldebug_pubnames_start:
      000004 00 02                  774 	.dw	2
      000006 00 00r00r00            775 	.dw	0,(Ldebug_info_start-4)
      00000A 00 00 01 83            776 	.dw	0,4+Ldebug_info_end-Ldebug_info_start
      00000E 00 00 00 46            777 	.dw	0,70
      000012 44 53 33 32 33 31 5F   778 	.ascii "DS3231_Init"
             49 6E 69 74
      00001D 00                     779 	.db	0
      00001E 00 00 00 60            780 	.dw	0,96
      000022 44 53 33 32 33 31 5F   781 	.ascii "DS3231_GetTime"
             47 65 74 54 69 6D 65
      000030 00                     782 	.db	0
      000031 00 00 00 C4            783 	.dw	0,196
      000035 44 53 33 32 33 31 5F   784 	.ascii "DS3231_Buf"
             42 75 66
      00003F 00                     785 	.db	0
      000040 00 00 01 5F            786 	.dw	0,351
      000044 44 53 33 32 33 31 5F   787 	.ascii "DS3231_TimeSturcture"
             54 69 6D 65 53 74 75
             72 63 74 75 72 65
      000058 00                     788 	.db	0
      000059 00 00 00 00            789 	.dw	0,0
      00005D                        790 Ldebug_pubnames_end:
                                    791 
                                    792 	.area .debug_frame (NOLOAD)
      000000 00 00                  793 	.dw	0
      000002 00 0E                  794 	.dw	Ldebug_CIE0_end-Ldebug_CIE0_start
      000004                        795 Ldebug_CIE0_start:
      000004 FF FF                  796 	.dw	0xffff
      000006 FF FF                  797 	.dw	0xffff
      000008 01                     798 	.db	1
      000009 00                     799 	.db	0
      00000A 01                     800 	.uleb128	1
      00000B 7F                     801 	.sleb128	-1
      00000C 09                     802 	.db	9
      00000D 0C                     803 	.db	12
      00000E 08                     804 	.uleb128	8
      00000F 02                     805 	.uleb128	2
      000010 89                     806 	.db	137
      000011 01                     807 	.uleb128	1
      000012                        808 Ldebug_CIE0_end:
      000012 00 00 00 60            809 	.dw	0,96
      000016 00 00r00r00            810 	.dw	0,(Ldebug_CIE0_start-4)
      00001A 00 00r00r04            811 	.dw	0,(Sds3231$DS3231_GetTime$7)	;initial loc
      00001E 00 00 00 F0            812 	.dw	0,Sds3231$DS3231_GetTime$37-Sds3231$DS3231_GetTime$7
      000022 01                     813 	.db	1
      000023 00 00r00r04            814 	.dw	0,(Sds3231$DS3231_GetTime$7)
      000027 0E                     815 	.db	14
      000028 02                     816 	.uleb128	2
      000029 01                     817 	.db	1
      00002A 00 00r00r06            818 	.dw	0,(Sds3231$DS3231_GetTime$8)
      00002E 0E                     819 	.db	14
      00002F 06                     820 	.uleb128	6
      000030 01                     821 	.db	1
      000031 00 00r00r19            822 	.dw	0,(Sds3231$DS3231_GetTime$15)
      000035 0E                     823 	.db	14
      000036 07                     824 	.uleb128	7
      000037 01                     825 	.db	1
      000038 00 00r00r1A            826 	.dw	0,(Sds3231$DS3231_GetTime$16)
      00003C 0E                     827 	.db	14
      00003D 09                     828 	.uleb128	9
      00003E 01                     829 	.db	1
      00003F 00 00r00r1B            830 	.dw	0,(Sds3231$DS3231_GetTime$17)
      000043 0E                     831 	.db	14
      000044 0A                     832 	.uleb128	10
      000045 01                     833 	.db	1
      000046 00 00r00r1D            834 	.dw	0,(Sds3231$DS3231_GetTime$18)
      00004A 0E                     835 	.db	14
      00004B 0B                     836 	.uleb128	11
      00004C 01                     837 	.db	1
      00004D 00 00r00r22            838 	.dw	0,(Sds3231$DS3231_GetTime$19)
      000051 0E                     839 	.db	14
      000052 06                     840 	.uleb128	6
      000053 01                     841 	.db	1
      000054 00 00r00rCF            842 	.dw	0,(Sds3231$DS3231_GetTime$30)
      000058 0E                     843 	.db	14
      000059 07                     844 	.uleb128	7
      00005A 01                     845 	.db	1
      00005B 00 00r00rD5            846 	.dw	0,(Sds3231$DS3231_GetTime$31)
      00005F 0E                     847 	.db	14
      000060 06                     848 	.uleb128	6
      000061 01                     849 	.db	1
      000062 00 00r00rE4            850 	.dw	0,(Sds3231$DS3231_GetTime$32)
      000066 0E                     851 	.db	14
      000067 08                     852 	.uleb128	8
      000068 01                     853 	.db	1
      000069 00 00r00rEC            854 	.dw	0,(Sds3231$DS3231_GetTime$33)
      00006D 0E                     855 	.db	14
      00006E 06                     856 	.uleb128	6
      00006F 01                     857 	.db	1
      000070 00 00r00rF3            858 	.dw	0,(Sds3231$DS3231_GetTime$35)
      000074 0E                     859 	.db	14
      000075 02                     860 	.uleb128	2
                                    861 
                                    862 	.area .debug_frame (NOLOAD)
      000076 00 00                  863 	.dw	0
      000078 00 0E                  864 	.dw	Ldebug_CIE1_end-Ldebug_CIE1_start
      00007A                        865 Ldebug_CIE1_start:
      00007A FF FF                  866 	.dw	0xffff
      00007C FF FF                  867 	.dw	0xffff
      00007E 01                     868 	.db	1
      00007F 00                     869 	.db	0
      000080 01                     870 	.uleb128	1
      000081 7F                     871 	.sleb128	-1
      000082 09                     872 	.db	9
      000083 0C                     873 	.db	12
      000084 08                     874 	.uleb128	8
      000085 02                     875 	.uleb128	2
      000086 89                     876 	.db	137
      000087 01                     877 	.uleb128	1
      000088                        878 Ldebug_CIE1_end:
      000088 00 00 00 13            879 	.dw	0,19
      00008C 00 00r00r76            880 	.dw	0,(Ldebug_CIE1_start-4)
      000090 00 00r00r00            881 	.dw	0,(Sds3231$DS3231_Init$1)	;initial loc
      000094 00 00 00 04            882 	.dw	0,Sds3231$DS3231_Init$5-Sds3231$DS3231_Init$1
      000098 01                     883 	.db	1
      000099 00 00r00r00            884 	.dw	0,(Sds3231$DS3231_Init$1)
      00009D 0E                     885 	.db	14
      00009E 02                     886 	.uleb128	2
