                                      1 ;--------------------------------------------------------
                                      2 ; File Created by SDCC : free open source ANSI-C Compiler
                                      3 ; Version 4.0.0 #11528 (MINGW64)
                                      4 ;--------------------------------------------------------
                                      5 	.module stm8s_gpio
                                      6 	.optsdcc -mstm8
                                      7 	
                                      8 ;--------------------------------------------------------
                                      9 ; Public variables in this module
                                     10 ;--------------------------------------------------------
                                     11 	.globl _GPIO_Init
                                     12 	.globl _GPIO_WriteHigh
                                     13 	.globl _GPIO_WriteLow
                                     14 	.globl _GPIO_ReadInputPin
                                     15 ;--------------------------------------------------------
                                     16 ; ram data
                                     17 ;--------------------------------------------------------
                                     18 	.area DATA
                                     19 ;--------------------------------------------------------
                                     20 ; ram data
                                     21 ;--------------------------------------------------------
                                     22 	.area INITIALIZED
                                     23 ;--------------------------------------------------------
                                     24 ; absolute external ram data
                                     25 ;--------------------------------------------------------
                                     26 	.area DABS (ABS)
                                     27 
                                     28 ; default segment ordering for linker
                                     29 	.area HOME
                                     30 	.area GSINIT
                                     31 	.area GSFINAL
                                     32 	.area CONST
                                     33 	.area INITIALIZER
                                     34 	.area CODE
                                     35 
                                     36 ;--------------------------------------------------------
                                     37 ; global & static initialisations
                                     38 ;--------------------------------------------------------
                                     39 	.area HOME
                                     40 	.area GSINIT
                                     41 	.area GSFINAL
                                     42 	.area GSINIT
                                     43 ;--------------------------------------------------------
                                     44 ; Home
                                     45 ;--------------------------------------------------------
                                     46 	.area HOME
                                     47 	.area HOME
                                     48 ;--------------------------------------------------------
                                     49 ; code
                                     50 ;--------------------------------------------------------
                                     51 	.area CODE
                           000000    52 	Sstm8s_gpio$GPIO_Init$0 ==.
                                     53 ;	Source/Std_Lib/Src/stm8s_gpio.c: 71: void GPIO_Init(GPIO_TypeDef* GPIOx, GPIO_Pin_TypeDef GPIO_Pin, GPIO_Mode_TypeDef GPIO_Mode)
                                     54 ;	-----------------------------------------
                                     55 ;	 function GPIO_Init
                                     56 ;	-----------------------------------------
      000000                         57 _GPIO_Init:
                           000000    58 	Sstm8s_gpio$GPIO_Init$1 ==.
      000000 52 05            [ 2]   59 	sub	sp, #5
                           000002    60 	Sstm8s_gpio$GPIO_Init$2 ==.
                           000002    61 	Sstm8s_gpio$GPIO_Init$3 ==.
                                     62 ;	Source/Std_Lib/Src/stm8s_gpio.c: 81: GPIOx->CR2 &= (uint8_t)(~(GPIO_Pin));
      000002 16 08            [ 2]   63 	ldw	y, (0x08, sp)
      000004 93               [ 1]   64 	ldw	x, y
      000005 1C 00 04         [ 2]   65 	addw	x, #0x0004
      000008 1F 01            [ 2]   66 	ldw	(0x01, sp), x
      00000A F6               [ 1]   67 	ld	a, (x)
      00000B 88               [ 1]   68 	push	a
                           00000C    69 	Sstm8s_gpio$GPIO_Init$4 ==.
      00000C 7B 0B            [ 1]   70 	ld	a, (0x0b, sp)
      00000E 43               [ 1]   71 	cpl	a
      00000F 6B 04            [ 1]   72 	ld	(0x04, sp), a
      000011 84               [ 1]   73 	pop	a
                           000012    74 	Sstm8s_gpio$GPIO_Init$5 ==.
      000012 14 03            [ 1]   75 	and	a, (0x03, sp)
      000014 1E 01            [ 2]   76 	ldw	x, (0x01, sp)
      000016 F7               [ 1]   77 	ld	(x), a
                           000017    78 	Sstm8s_gpio$GPIO_Init$6 ==.
                                     79 ;	Source/Std_Lib/Src/stm8s_gpio.c: 98: GPIOx->DDR |= (uint8_t)GPIO_Pin;
      000017 93               [ 1]   80 	ldw	x, y
      000018 5C               [ 1]   81 	incw	x
      000019 5C               [ 1]   82 	incw	x
      00001A 1F 04            [ 2]   83 	ldw	(0x04, sp), x
                           00001C    84 	Sstm8s_gpio$GPIO_Init$7 ==.
                                     85 ;	Source/Std_Lib/Src/stm8s_gpio.c: 87: if ((((uint8_t)(GPIO_Mode)) & (uint8_t)0x80) != (uint8_t)0x00) /* Output mode */
      00001C 0D 0B            [ 1]   86 	tnz	(0x0b, sp)
      00001E 2A 1E            [ 1]   87 	jrpl	00105$
                           000020    88 	Sstm8s_gpio$GPIO_Init$8 ==.
                                     89 ;	Source/Std_Lib/Src/stm8s_gpio.c: 91: GPIOx->ODR |= (uint8_t)GPIO_Pin;
      000020 90 F6            [ 1]   90 	ld	a, (y)
                           000022    91 	Sstm8s_gpio$GPIO_Init$9 ==.
                           000022    92 	Sstm8s_gpio$GPIO_Init$10 ==.
                                     93 ;	Source/Std_Lib/Src/stm8s_gpio.c: 89: if ((((uint8_t)(GPIO_Mode)) & (uint8_t)0x10) != (uint8_t)0x00) /* High level */
      000022 88               [ 1]   94 	push	a
                           000023    95 	Sstm8s_gpio$GPIO_Init$11 ==.
      000023 7B 0C            [ 1]   96 	ld	a, (0x0c, sp)
      000025 A5 10            [ 1]   97 	bcp	a, #0x10
      000027 84               [ 1]   98 	pop	a
                           000028    99 	Sstm8s_gpio$GPIO_Init$12 ==.
      000028 27 06            [ 1]  100 	jreq	00102$
                           00002A   101 	Sstm8s_gpio$GPIO_Init$13 ==.
                           00002A   102 	Sstm8s_gpio$GPIO_Init$14 ==.
                                    103 ;	Source/Std_Lib/Src/stm8s_gpio.c: 91: GPIOx->ODR |= (uint8_t)GPIO_Pin;
      00002A 1A 0A            [ 1]  104 	or	a, (0x0a, sp)
      00002C 90 F7            [ 1]  105 	ld	(y), a
                           00002E   106 	Sstm8s_gpio$GPIO_Init$15 ==.
      00002E 20 04            [ 2]  107 	jra	00103$
      000030                        108 00102$:
                           000030   109 	Sstm8s_gpio$GPIO_Init$16 ==.
                           000030   110 	Sstm8s_gpio$GPIO_Init$17 ==.
                                    111 ;	Source/Std_Lib/Src/stm8s_gpio.c: 95: GPIOx->ODR &= (uint8_t)(~(GPIO_Pin));
      000030 14 03            [ 1]  112 	and	a, (0x03, sp)
      000032 90 F7            [ 1]  113 	ld	(y), a
                           000034   114 	Sstm8s_gpio$GPIO_Init$18 ==.
      000034                        115 00103$:
                           000034   116 	Sstm8s_gpio$GPIO_Init$19 ==.
                                    117 ;	Source/Std_Lib/Src/stm8s_gpio.c: 98: GPIOx->DDR |= (uint8_t)GPIO_Pin;
      000034 1E 04            [ 2]  118 	ldw	x, (0x04, sp)
      000036 F6               [ 1]  119 	ld	a, (x)
      000037 1A 0A            [ 1]  120 	or	a, (0x0a, sp)
      000039 1E 04            [ 2]  121 	ldw	x, (0x04, sp)
      00003B F7               [ 1]  122 	ld	(x), a
                           00003C   123 	Sstm8s_gpio$GPIO_Init$20 ==.
      00003C 20 08            [ 2]  124 	jra	00106$
      00003E                        125 00105$:
                           00003E   126 	Sstm8s_gpio$GPIO_Init$21 ==.
                           00003E   127 	Sstm8s_gpio$GPIO_Init$22 ==.
                                    128 ;	Source/Std_Lib/Src/stm8s_gpio.c: 103: GPIOx->DDR &= (uint8_t)(~(GPIO_Pin));
      00003E 1E 04            [ 2]  129 	ldw	x, (0x04, sp)
      000040 F6               [ 1]  130 	ld	a, (x)
      000041 14 03            [ 1]  131 	and	a, (0x03, sp)
      000043 1E 04            [ 2]  132 	ldw	x, (0x04, sp)
      000045 F7               [ 1]  133 	ld	(x), a
                           000046   134 	Sstm8s_gpio$GPIO_Init$23 ==.
      000046                        135 00106$:
                           000046   136 	Sstm8s_gpio$GPIO_Init$24 ==.
                                    137 ;	Source/Std_Lib/Src/stm8s_gpio.c: 112: GPIOx->CR1 |= (uint8_t)GPIO_Pin;
      000046 93               [ 1]  138 	ldw	x, y
      000047 1C 00 03         [ 2]  139 	addw	x, #0x0003
      00004A F6               [ 1]  140 	ld	a, (x)
                           00004B   141 	Sstm8s_gpio$GPIO_Init$25 ==.
                                    142 ;	Source/Std_Lib/Src/stm8s_gpio.c: 110: if ((((uint8_t)(GPIO_Mode)) & (uint8_t)0x40) != (uint8_t)0x00) /* Pull-Up or Push-Pull */
      00004B 88               [ 1]  143 	push	a
                           00004C   144 	Sstm8s_gpio$GPIO_Init$26 ==.
      00004C 7B 0C            [ 1]  145 	ld	a, (0x0c, sp)
      00004E A5 40            [ 1]  146 	bcp	a, #0x40
      000050 84               [ 1]  147 	pop	a
                           000051   148 	Sstm8s_gpio$GPIO_Init$27 ==.
      000051 27 05            [ 1]  149 	jreq	00108$
                           000053   150 	Sstm8s_gpio$GPIO_Init$28 ==.
                           000053   151 	Sstm8s_gpio$GPIO_Init$29 ==.
                                    152 ;	Source/Std_Lib/Src/stm8s_gpio.c: 112: GPIOx->CR1 |= (uint8_t)GPIO_Pin;
      000053 1A 0A            [ 1]  153 	or	a, (0x0a, sp)
      000055 F7               [ 1]  154 	ld	(x), a
                           000056   155 	Sstm8s_gpio$GPIO_Init$30 ==.
      000056 20 03            [ 2]  156 	jra	00109$
      000058                        157 00108$:
                           000058   158 	Sstm8s_gpio$GPIO_Init$31 ==.
                           000058   159 	Sstm8s_gpio$GPIO_Init$32 ==.
                                    160 ;	Source/Std_Lib/Src/stm8s_gpio.c: 116: GPIOx->CR1 &= (uint8_t)(~(GPIO_Pin));
      000058 14 03            [ 1]  161 	and	a, (0x03, sp)
      00005A F7               [ 1]  162 	ld	(x), a
                           00005B   163 	Sstm8s_gpio$GPIO_Init$33 ==.
      00005B                        164 00109$:
                           00005B   165 	Sstm8s_gpio$GPIO_Init$34 ==.
                                    166 ;	Source/Std_Lib/Src/stm8s_gpio.c: 81: GPIOx->CR2 &= (uint8_t)(~(GPIO_Pin));
      00005B 1E 01            [ 2]  167 	ldw	x, (0x01, sp)
      00005D F6               [ 1]  168 	ld	a, (x)
                           00005E   169 	Sstm8s_gpio$GPIO_Init$35 ==.
                                    170 ;	Source/Std_Lib/Src/stm8s_gpio.c: 123: if ((((uint8_t)(GPIO_Mode)) & (uint8_t)0x20) != (uint8_t)0x00) /* Interrupt or Slow slope */
      00005E 88               [ 1]  171 	push	a
                           00005F   172 	Sstm8s_gpio$GPIO_Init$36 ==.
      00005F 7B 0C            [ 1]  173 	ld	a, (0x0c, sp)
      000061 A5 20            [ 1]  174 	bcp	a, #0x20
      000063 84               [ 1]  175 	pop	a
                           000064   176 	Sstm8s_gpio$GPIO_Init$37 ==.
      000064 27 07            [ 1]  177 	jreq	00111$
                           000066   178 	Sstm8s_gpio$GPIO_Init$38 ==.
                           000066   179 	Sstm8s_gpio$GPIO_Init$39 ==.
                                    180 ;	Source/Std_Lib/Src/stm8s_gpio.c: 125: GPIOx->CR2 |= (uint8_t)GPIO_Pin;
      000066 1A 0A            [ 1]  181 	or	a, (0x0a, sp)
      000068 1E 01            [ 2]  182 	ldw	x, (0x01, sp)
      00006A F7               [ 1]  183 	ld	(x), a
                           00006B   184 	Sstm8s_gpio$GPIO_Init$40 ==.
      00006B 20 05            [ 2]  185 	jra	00113$
      00006D                        186 00111$:
                           00006D   187 	Sstm8s_gpio$GPIO_Init$41 ==.
                           00006D   188 	Sstm8s_gpio$GPIO_Init$42 ==.
                                    189 ;	Source/Std_Lib/Src/stm8s_gpio.c: 129: GPIOx->CR2 &= (uint8_t)(~(GPIO_Pin));
      00006D 14 03            [ 1]  190 	and	a, (0x03, sp)
      00006F 1E 01            [ 2]  191 	ldw	x, (0x01, sp)
      000071 F7               [ 1]  192 	ld	(x), a
                           000072   193 	Sstm8s_gpio$GPIO_Init$43 ==.
      000072                        194 00113$:
                           000072   195 	Sstm8s_gpio$GPIO_Init$44 ==.
                                    196 ;	Source/Std_Lib/Src/stm8s_gpio.c: 131: }
      000072 5B 05            [ 2]  197 	addw	sp, #5
                           000074   198 	Sstm8s_gpio$GPIO_Init$45 ==.
                           000074   199 	Sstm8s_gpio$GPIO_Init$46 ==.
                           000074   200 	XG$GPIO_Init$0$0 ==.
      000074 81               [ 4]  201 	ret
                           000075   202 	Sstm8s_gpio$GPIO_Init$47 ==.
                           000075   203 	Sstm8s_gpio$GPIO_WriteHigh$48 ==.
                                    204 ;	Source/Std_Lib/Src/stm8s_gpio.c: 154: void GPIO_WriteHigh(GPIO_TypeDef* GPIOx, GPIO_Pin_TypeDef PortPins)
                                    205 ;	-----------------------------------------
                                    206 ;	 function GPIO_WriteHigh
                                    207 ;	-----------------------------------------
      000075                        208 _GPIO_WriteHigh:
                           000075   209 	Sstm8s_gpio$GPIO_WriteHigh$49 ==.
                           000075   210 	Sstm8s_gpio$GPIO_WriteHigh$50 ==.
                                    211 ;	Source/Std_Lib/Src/stm8s_gpio.c: 156: GPIOx->ODR |= (uint8_t)PortPins;
      000075 1E 03            [ 2]  212 	ldw	x, (0x03, sp)
      000077 F6               [ 1]  213 	ld	a, (x)
      000078 1A 05            [ 1]  214 	or	a, (0x05, sp)
      00007A F7               [ 1]  215 	ld	(x), a
                           00007B   216 	Sstm8s_gpio$GPIO_WriteHigh$51 ==.
                                    217 ;	Source/Std_Lib/Src/stm8s_gpio.c: 157: }
                           00007B   218 	Sstm8s_gpio$GPIO_WriteHigh$52 ==.
                           00007B   219 	XG$GPIO_WriteHigh$0$0 ==.
      00007B 81               [ 4]  220 	ret
                           00007C   221 	Sstm8s_gpio$GPIO_WriteHigh$53 ==.
                           00007C   222 	Sstm8s_gpio$GPIO_WriteLow$54 ==.
                                    223 ;	Source/Std_Lib/Src/stm8s_gpio.c: 167: void GPIO_WriteLow(GPIO_TypeDef* GPIOx, GPIO_Pin_TypeDef PortPins)
                                    224 ;	-----------------------------------------
                                    225 ;	 function GPIO_WriteLow
                                    226 ;	-----------------------------------------
      00007C                        227 _GPIO_WriteLow:
                           00007C   228 	Sstm8s_gpio$GPIO_WriteLow$55 ==.
      00007C 88               [ 1]  229 	push	a
                           00007D   230 	Sstm8s_gpio$GPIO_WriteLow$56 ==.
                           00007D   231 	Sstm8s_gpio$GPIO_WriteLow$57 ==.
                                    232 ;	Source/Std_Lib/Src/stm8s_gpio.c: 169: GPIOx->ODR &= (uint8_t)(~PortPins);
      00007D 1E 04            [ 2]  233 	ldw	x, (0x04, sp)
      00007F F6               [ 1]  234 	ld	a, (x)
      000080 6B 01            [ 1]  235 	ld	(0x01, sp), a
      000082 7B 06            [ 1]  236 	ld	a, (0x06, sp)
      000084 43               [ 1]  237 	cpl	a
      000085 14 01            [ 1]  238 	and	a, (0x01, sp)
      000087 F7               [ 1]  239 	ld	(x), a
                           000088   240 	Sstm8s_gpio$GPIO_WriteLow$58 ==.
                                    241 ;	Source/Std_Lib/Src/stm8s_gpio.c: 170: }
      000088 84               [ 1]  242 	pop	a
                           000089   243 	Sstm8s_gpio$GPIO_WriteLow$59 ==.
                           000089   244 	Sstm8s_gpio$GPIO_WriteLow$60 ==.
                           000089   245 	XG$GPIO_WriteLow$0$0 ==.
      000089 81               [ 4]  246 	ret
                           00008A   247 	Sstm8s_gpio$GPIO_WriteLow$61 ==.
                           00008A   248 	Sstm8s_gpio$GPIO_ReadInputPin$62 ==.
                                    249 ;	Source/Std_Lib/Src/stm8s_gpio.c: 213: BitStatus GPIO_ReadInputPin(GPIO_TypeDef* GPIOx, GPIO_Pin_TypeDef GPIO_Pin)
                                    250 ;	-----------------------------------------
                                    251 ;	 function GPIO_ReadInputPin
                                    252 ;	-----------------------------------------
      00008A                        253 _GPIO_ReadInputPin:
                           00008A   254 	Sstm8s_gpio$GPIO_ReadInputPin$63 ==.
                           00008A   255 	Sstm8s_gpio$GPIO_ReadInputPin$64 ==.
                                    256 ;	Source/Std_Lib/Src/stm8s_gpio.c: 215: return ((BitStatus)(GPIOx->IDR & (uint8_t)GPIO_Pin));
      00008A 1E 03            [ 2]  257 	ldw	x, (0x03, sp)
      00008C E6 01            [ 1]  258 	ld	a, (0x1, x)
      00008E 14 05            [ 1]  259 	and	a, (0x05, sp)
                           000090   260 	Sstm8s_gpio$GPIO_ReadInputPin$65 ==.
                                    261 ;	Source/Std_Lib/Src/stm8s_gpio.c: 216: }
                           000090   262 	Sstm8s_gpio$GPIO_ReadInputPin$66 ==.
                           000090   263 	XG$GPIO_ReadInputPin$0$0 ==.
      000090 81               [ 4]  264 	ret
                           000091   265 	Sstm8s_gpio$GPIO_ReadInputPin$67 ==.
                                    266 	.area CODE
                                    267 	.area CONST
                                    268 	.area INITIALIZER
                                    269 	.area CABS (ABS)
                                    270 
                                    271 	.area .debug_line (NOLOAD)
      000000 00 00 01 5A            272 	.dw	0,Ldebug_line_end-Ldebug_line_start
      000004                        273 Ldebug_line_start:
      000004 00 02                  274 	.dw	2
      000006 00 00 00 80            275 	.dw	0,Ldebug_line_stmt-6-Ldebug_line_start
      00000A 01                     276 	.db	1
      00000B 01                     277 	.db	1
      00000C FB                     278 	.db	-5
      00000D 0F                     279 	.db	15
      00000E 0A                     280 	.db	10
      00000F 00                     281 	.db	0
      000010 01                     282 	.db	1
      000011 01                     283 	.db	1
      000012 01                     284 	.db	1
      000013 01                     285 	.db	1
      000014 00                     286 	.db	0
      000015 00                     287 	.db	0
      000016 00                     288 	.db	0
      000017 01                     289 	.db	1
      000018 43 3A 5C 50 72 6F 67   290 	.ascii "C:\Program Files\SDCC\bin\..\include\stm8"
             72 61 6D 20 46 69 6C
             65 73 5C 53 44 43 43
             08 69 6E 5C 2E 2E 5C
             69 6E 63 6C 75 64 65
             5C 73 74 6D 38
      000040 00                     291 	.db	0
      000041 43 3A 5C 50 72 6F 67   292 	.ascii "C:\Program Files\SDCC\bin\..\include"
             72 61 6D 20 46 69 6C
             65 73 5C 53 44 43 43
             08 69 6E 5C 2E 2E 5C
             69 6E 63 6C 75 64 65
      000064 00                     293 	.db	0
      000065 00                     294 	.db	0
      000066 53 6F 75 72 63 65 2F   295 	.ascii "Source/Std_Lib/Src/stm8s_gpio.c"
             53 74 64 5F 4C 69 62
             2F 53 72 63 2F 73 74
             6D 38 73 5F 67 70 69
             6F 2E 63
      000085 00                     296 	.db	0
      000086 00                     297 	.uleb128	0
      000087 00                     298 	.uleb128	0
      000088 00                     299 	.uleb128	0
      000089 00                     300 	.db	0
      00008A                        301 Ldebug_line_stmt:
      00008A 00                     302 	.db	0
      00008B 05                     303 	.uleb128	5
      00008C 02                     304 	.db	2
      00008D 00 00r00r00            305 	.dw	0,(Sstm8s_gpio$GPIO_Init$0)
      000091 03                     306 	.db	3
      000092 C6 00                  307 	.sleb128	70
      000094 01                     308 	.db	1
      000095 09                     309 	.db	9
      000096 00 02                  310 	.dw	Sstm8s_gpio$GPIO_Init$3-Sstm8s_gpio$GPIO_Init$0
      000098 03                     311 	.db	3
      000099 0A                     312 	.sleb128	10
      00009A 01                     313 	.db	1
      00009B 09                     314 	.db	9
      00009C 00 15                  315 	.dw	Sstm8s_gpio$GPIO_Init$6-Sstm8s_gpio$GPIO_Init$3
      00009E 03                     316 	.db	3
      00009F 11                     317 	.sleb128	17
      0000A0 01                     318 	.db	1
      0000A1 09                     319 	.db	9
      0000A2 00 05                  320 	.dw	Sstm8s_gpio$GPIO_Init$7-Sstm8s_gpio$GPIO_Init$6
      0000A4 03                     321 	.db	3
      0000A5 75                     322 	.sleb128	-11
      0000A6 01                     323 	.db	1
      0000A7 09                     324 	.db	9
      0000A8 00 04                  325 	.dw	Sstm8s_gpio$GPIO_Init$8-Sstm8s_gpio$GPIO_Init$7
      0000AA 03                     326 	.db	3
      0000AB 04                     327 	.sleb128	4
      0000AC 01                     328 	.db	1
      0000AD 09                     329 	.db	9
      0000AE 00 02                  330 	.dw	Sstm8s_gpio$GPIO_Init$10-Sstm8s_gpio$GPIO_Init$8
      0000B0 03                     331 	.db	3
      0000B1 7E                     332 	.sleb128	-2
      0000B2 01                     333 	.db	1
      0000B3 09                     334 	.db	9
      0000B4 00 08                  335 	.dw	Sstm8s_gpio$GPIO_Init$14-Sstm8s_gpio$GPIO_Init$10
      0000B6 03                     336 	.db	3
      0000B7 02                     337 	.sleb128	2
      0000B8 01                     338 	.db	1
      0000B9 09                     339 	.db	9
      0000BA 00 06                  340 	.dw	Sstm8s_gpio$GPIO_Init$17-Sstm8s_gpio$GPIO_Init$14
      0000BC 03                     341 	.db	3
      0000BD 04                     342 	.sleb128	4
      0000BE 01                     343 	.db	1
      0000BF 09                     344 	.db	9
      0000C0 00 04                  345 	.dw	Sstm8s_gpio$GPIO_Init$19-Sstm8s_gpio$GPIO_Init$17
      0000C2 03                     346 	.db	3
      0000C3 03                     347 	.sleb128	3
      0000C4 01                     348 	.db	1
      0000C5 09                     349 	.db	9
      0000C6 00 0A                  350 	.dw	Sstm8s_gpio$GPIO_Init$22-Sstm8s_gpio$GPIO_Init$19
      0000C8 03                     351 	.db	3
      0000C9 05                     352 	.sleb128	5
      0000CA 01                     353 	.db	1
      0000CB 09                     354 	.db	9
      0000CC 00 08                  355 	.dw	Sstm8s_gpio$GPIO_Init$24-Sstm8s_gpio$GPIO_Init$22
      0000CE 03                     356 	.db	3
      0000CF 09                     357 	.sleb128	9
      0000D0 01                     358 	.db	1
      0000D1 09                     359 	.db	9
      0000D2 00 05                  360 	.dw	Sstm8s_gpio$GPIO_Init$25-Sstm8s_gpio$GPIO_Init$24
      0000D4 03                     361 	.db	3
      0000D5 7E                     362 	.sleb128	-2
      0000D6 01                     363 	.db	1
      0000D7 09                     364 	.db	9
      0000D8 00 08                  365 	.dw	Sstm8s_gpio$GPIO_Init$29-Sstm8s_gpio$GPIO_Init$25
      0000DA 03                     366 	.db	3
      0000DB 02                     367 	.sleb128	2
      0000DC 01                     368 	.db	1
      0000DD 09                     369 	.db	9
      0000DE 00 05                  370 	.dw	Sstm8s_gpio$GPIO_Init$32-Sstm8s_gpio$GPIO_Init$29
      0000E0 03                     371 	.db	3
      0000E1 04                     372 	.sleb128	4
      0000E2 01                     373 	.db	1
      0000E3 09                     374 	.db	9
      0000E4 00 03                  375 	.dw	Sstm8s_gpio$GPIO_Init$34-Sstm8s_gpio$GPIO_Init$32
      0000E6 03                     376 	.db	3
      0000E7 5D                     377 	.sleb128	-35
      0000E8 01                     378 	.db	1
      0000E9 09                     379 	.db	9
      0000EA 00 03                  380 	.dw	Sstm8s_gpio$GPIO_Init$35-Sstm8s_gpio$GPIO_Init$34
      0000EC 03                     381 	.db	3
      0000ED 2A                     382 	.sleb128	42
      0000EE 01                     383 	.db	1
      0000EF 09                     384 	.db	9
      0000F0 00 08                  385 	.dw	Sstm8s_gpio$GPIO_Init$39-Sstm8s_gpio$GPIO_Init$35
      0000F2 03                     386 	.db	3
      0000F3 02                     387 	.sleb128	2
      0000F4 01                     388 	.db	1
      0000F5 09                     389 	.db	9
      0000F6 00 07                  390 	.dw	Sstm8s_gpio$GPIO_Init$42-Sstm8s_gpio$GPIO_Init$39
      0000F8 03                     391 	.db	3
      0000F9 04                     392 	.sleb128	4
      0000FA 01                     393 	.db	1
      0000FB 09                     394 	.db	9
      0000FC 00 05                  395 	.dw	Sstm8s_gpio$GPIO_Init$44-Sstm8s_gpio$GPIO_Init$42
      0000FE 03                     396 	.db	3
      0000FF 02                     397 	.sleb128	2
      000100 01                     398 	.db	1
      000101 09                     399 	.db	9
      000102 00 03                  400 	.dw	1+Sstm8s_gpio$GPIO_Init$46-Sstm8s_gpio$GPIO_Init$44
      000104 00                     401 	.db	0
      000105 01                     402 	.uleb128	1
      000106 01                     403 	.db	1
      000107 00                     404 	.db	0
      000108 05                     405 	.uleb128	5
      000109 02                     406 	.db	2
      00010A 00 00r00r75            407 	.dw	0,(Sstm8s_gpio$GPIO_WriteHigh$48)
      00010E 03                     408 	.db	3
      00010F 99 01                  409 	.sleb128	153
      000111 01                     410 	.db	1
      000112 09                     411 	.db	9
      000113 00 00                  412 	.dw	Sstm8s_gpio$GPIO_WriteHigh$50-Sstm8s_gpio$GPIO_WriteHigh$48
      000115 03                     413 	.db	3
      000116 02                     414 	.sleb128	2
      000117 01                     415 	.db	1
      000118 09                     416 	.db	9
      000119 00 06                  417 	.dw	Sstm8s_gpio$GPIO_WriteHigh$51-Sstm8s_gpio$GPIO_WriteHigh$50
      00011B 03                     418 	.db	3
      00011C 01                     419 	.sleb128	1
      00011D 01                     420 	.db	1
      00011E 09                     421 	.db	9
      00011F 00 01                  422 	.dw	1+Sstm8s_gpio$GPIO_WriteHigh$52-Sstm8s_gpio$GPIO_WriteHigh$51
      000121 00                     423 	.db	0
      000122 01                     424 	.uleb128	1
      000123 01                     425 	.db	1
      000124 00                     426 	.db	0
      000125 05                     427 	.uleb128	5
      000126 02                     428 	.db	2
      000127 00 00r00r7C            429 	.dw	0,(Sstm8s_gpio$GPIO_WriteLow$54)
      00012B 03                     430 	.db	3
      00012C A6 01                  431 	.sleb128	166
      00012E 01                     432 	.db	1
      00012F 09                     433 	.db	9
      000130 00 01                  434 	.dw	Sstm8s_gpio$GPIO_WriteLow$57-Sstm8s_gpio$GPIO_WriteLow$54
      000132 03                     435 	.db	3
      000133 02                     436 	.sleb128	2
      000134 01                     437 	.db	1
      000135 09                     438 	.db	9
      000136 00 0B                  439 	.dw	Sstm8s_gpio$GPIO_WriteLow$58-Sstm8s_gpio$GPIO_WriteLow$57
      000138 03                     440 	.db	3
      000139 01                     441 	.sleb128	1
      00013A 01                     442 	.db	1
      00013B 09                     443 	.db	9
      00013C 00 02                  444 	.dw	1+Sstm8s_gpio$GPIO_WriteLow$60-Sstm8s_gpio$GPIO_WriteLow$58
      00013E 00                     445 	.db	0
      00013F 01                     446 	.uleb128	1
      000140 01                     447 	.db	1
      000141 00                     448 	.db	0
      000142 05                     449 	.uleb128	5
      000143 02                     450 	.db	2
      000144 00 00r00r8A            451 	.dw	0,(Sstm8s_gpio$GPIO_ReadInputPin$62)
      000148 03                     452 	.db	3
      000149 D4 01                  453 	.sleb128	212
      00014B 01                     454 	.db	1
      00014C 09                     455 	.db	9
      00014D 00 00                  456 	.dw	Sstm8s_gpio$GPIO_ReadInputPin$64-Sstm8s_gpio$GPIO_ReadInputPin$62
      00014F 03                     457 	.db	3
      000150 02                     458 	.sleb128	2
      000151 01                     459 	.db	1
      000152 09                     460 	.db	9
      000153 00 06                  461 	.dw	Sstm8s_gpio$GPIO_ReadInputPin$65-Sstm8s_gpio$GPIO_ReadInputPin$64
      000155 03                     462 	.db	3
      000156 01                     463 	.sleb128	1
      000157 01                     464 	.db	1
      000158 09                     465 	.db	9
      000159 00 01                  466 	.dw	1+Sstm8s_gpio$GPIO_ReadInputPin$66-Sstm8s_gpio$GPIO_ReadInputPin$65
      00015B 00                     467 	.db	0
      00015C 01                     468 	.uleb128	1
      00015D 01                     469 	.db	1
      00015E                        470 Ldebug_line_end:
                                    471 
                                    472 	.area .debug_loc (NOLOAD)
      000000                        473 Ldebug_loc_start:
      000000 00 00r00r8A            474 	.dw	0,(Sstm8s_gpio$GPIO_ReadInputPin$63)
      000004 00 00r00r91            475 	.dw	0,(Sstm8s_gpio$GPIO_ReadInputPin$67)
      000008 00 02                  476 	.dw	2
      00000A 78                     477 	.db	120
      00000B 01                     478 	.sleb128	1
      00000C 00 00 00 00            479 	.dw	0,0
      000010 00 00 00 00            480 	.dw	0,0
      000014 00 00r00r89            481 	.dw	0,(Sstm8s_gpio$GPIO_WriteLow$59)
      000018 00 00r00r8A            482 	.dw	0,(Sstm8s_gpio$GPIO_WriteLow$61)
      00001C 00 02                  483 	.dw	2
      00001E 78                     484 	.db	120
      00001F 01                     485 	.sleb128	1
      000020 00 00r00r7D            486 	.dw	0,(Sstm8s_gpio$GPIO_WriteLow$56)
      000024 00 00r00r89            487 	.dw	0,(Sstm8s_gpio$GPIO_WriteLow$59)
      000028 00 02                  488 	.dw	2
      00002A 78                     489 	.db	120
      00002B 02                     490 	.sleb128	2
      00002C 00 00r00r7C            491 	.dw	0,(Sstm8s_gpio$GPIO_WriteLow$55)
      000030 00 00r00r7D            492 	.dw	0,(Sstm8s_gpio$GPIO_WriteLow$56)
      000034 00 02                  493 	.dw	2
      000036 78                     494 	.db	120
      000037 01                     495 	.sleb128	1
      000038 00 00 00 00            496 	.dw	0,0
      00003C 00 00 00 00            497 	.dw	0,0
      000040 00 00r00r75            498 	.dw	0,(Sstm8s_gpio$GPIO_WriteHigh$49)
      000044 00 00r00r7C            499 	.dw	0,(Sstm8s_gpio$GPIO_WriteHigh$53)
      000048 00 02                  500 	.dw	2
      00004A 78                     501 	.db	120
      00004B 01                     502 	.sleb128	1
      00004C 00 00 00 00            503 	.dw	0,0
      000050 00 00 00 00            504 	.dw	0,0
      000054 00 00r00r74            505 	.dw	0,(Sstm8s_gpio$GPIO_Init$45)
      000058 00 00r00r75            506 	.dw	0,(Sstm8s_gpio$GPIO_Init$47)
      00005C 00 02                  507 	.dw	2
      00005E 78                     508 	.db	120
      00005F 01                     509 	.sleb128	1
      000060 00 00r00r64            510 	.dw	0,(Sstm8s_gpio$GPIO_Init$37)
      000064 00 00r00r74            511 	.dw	0,(Sstm8s_gpio$GPIO_Init$45)
      000068 00 02                  512 	.dw	2
      00006A 78                     513 	.db	120
      00006B 06                     514 	.sleb128	6
      00006C 00 00r00r5F            515 	.dw	0,(Sstm8s_gpio$GPIO_Init$36)
      000070 00 00r00r64            516 	.dw	0,(Sstm8s_gpio$GPIO_Init$37)
      000074 00 02                  517 	.dw	2
      000076 78                     518 	.db	120
      000077 07                     519 	.sleb128	7
      000078 00 00r00r51            520 	.dw	0,(Sstm8s_gpio$GPIO_Init$27)
      00007C 00 00r00r5F            521 	.dw	0,(Sstm8s_gpio$GPIO_Init$36)
      000080 00 02                  522 	.dw	2
      000082 78                     523 	.db	120
      000083 06                     524 	.sleb128	6
      000084 00 00r00r4C            525 	.dw	0,(Sstm8s_gpio$GPIO_Init$26)
      000088 00 00r00r51            526 	.dw	0,(Sstm8s_gpio$GPIO_Init$27)
      00008C 00 02                  527 	.dw	2
      00008E 78                     528 	.db	120
      00008F 07                     529 	.sleb128	7
      000090 00 00r00r28            530 	.dw	0,(Sstm8s_gpio$GPIO_Init$12)
      000094 00 00r00r4C            531 	.dw	0,(Sstm8s_gpio$GPIO_Init$26)
      000098 00 02                  532 	.dw	2
      00009A 78                     533 	.db	120
      00009B 06                     534 	.sleb128	6
      00009C 00 00r00r23            535 	.dw	0,(Sstm8s_gpio$GPIO_Init$11)
      0000A0 00 00r00r28            536 	.dw	0,(Sstm8s_gpio$GPIO_Init$12)
      0000A4 00 02                  537 	.dw	2
      0000A6 78                     538 	.db	120
      0000A7 07                     539 	.sleb128	7
      0000A8 00 00r00r12            540 	.dw	0,(Sstm8s_gpio$GPIO_Init$5)
      0000AC 00 00r00r23            541 	.dw	0,(Sstm8s_gpio$GPIO_Init$11)
      0000B0 00 02                  542 	.dw	2
      0000B2 78                     543 	.db	120
      0000B3 06                     544 	.sleb128	6
      0000B4 00 00r00r0C            545 	.dw	0,(Sstm8s_gpio$GPIO_Init$4)
      0000B8 00 00r00r12            546 	.dw	0,(Sstm8s_gpio$GPIO_Init$5)
      0000BC 00 02                  547 	.dw	2
      0000BE 78                     548 	.db	120
      0000BF 07                     549 	.sleb128	7
      0000C0 00 00r00r02            550 	.dw	0,(Sstm8s_gpio$GPIO_Init$2)
      0000C4 00 00r00r0C            551 	.dw	0,(Sstm8s_gpio$GPIO_Init$4)
      0000C8 00 02                  552 	.dw	2
      0000CA 78                     553 	.db	120
      0000CB 06                     554 	.sleb128	6
      0000CC 00 00r00r00            555 	.dw	0,(Sstm8s_gpio$GPIO_Init$1)
      0000D0 00 00r00r02            556 	.dw	0,(Sstm8s_gpio$GPIO_Init$2)
      0000D4 00 02                  557 	.dw	2
      0000D6 78                     558 	.db	120
      0000D7 01                     559 	.sleb128	1
      0000D8 00 00 00 00            560 	.dw	0,0
      0000DC 00 00 00 00            561 	.dw	0,0
                                    562 
                                    563 	.area .debug_abbrev (NOLOAD)
      000000                        564 Ldebug_abbrev:
      000000 06                     565 	.uleb128	6
      000001 0F                     566 	.uleb128	15
      000002 00                     567 	.db	0
      000003 0B                     568 	.uleb128	11
      000004 0B                     569 	.uleb128	11
      000005 49                     570 	.uleb128	73
      000006 13                     571 	.uleb128	19
      000007 00                     572 	.uleb128	0
      000008 00                     573 	.uleb128	0
      000009 04                     574 	.uleb128	4
      00000A 35                     575 	.uleb128	53
      00000B 00                     576 	.db	0
      00000C 49                     577 	.uleb128	73
      00000D 13                     578 	.uleb128	19
      00000E 00                     579 	.uleb128	0
      00000F 00                     580 	.uleb128	0
      000010 0B                     581 	.uleb128	11
      000011 2E                     582 	.uleb128	46
      000012 01                     583 	.db	1
      000013 03                     584 	.uleb128	3
      000014 08                     585 	.uleb128	8
      000015 11                     586 	.uleb128	17
      000016 01                     587 	.uleb128	1
      000017 12                     588 	.uleb128	18
      000018 01                     589 	.uleb128	1
      000019 3F                     590 	.uleb128	63
      00001A 0C                     591 	.uleb128	12
      00001B 40                     592 	.uleb128	64
      00001C 06                     593 	.uleb128	6
      00001D 49                     594 	.uleb128	73
      00001E 13                     595 	.uleb128	19
      00001F 00                     596 	.uleb128	0
      000020 00                     597 	.uleb128	0
      000021 07                     598 	.uleb128	7
      000022 05                     599 	.uleb128	5
      000023 00                     600 	.db	0
      000024 02                     601 	.uleb128	2
      000025 0A                     602 	.uleb128	10
      000026 03                     603 	.uleb128	3
      000027 08                     604 	.uleb128	8
      000028 49                     605 	.uleb128	73
      000029 13                     606 	.uleb128	19
      00002A 00                     607 	.uleb128	0
      00002B 00                     608 	.uleb128	0
      00002C 02                     609 	.uleb128	2
      00002D 2E                     610 	.uleb128	46
      00002E 01                     611 	.db	1
      00002F 01                     612 	.uleb128	1
      000030 13                     613 	.uleb128	19
      000031 03                     614 	.uleb128	3
      000032 08                     615 	.uleb128	8
      000033 11                     616 	.uleb128	17
      000034 01                     617 	.uleb128	1
      000035 12                     618 	.uleb128	18
      000036 01                     619 	.uleb128	1
      000037 3F                     620 	.uleb128	63
      000038 0C                     621 	.uleb128	12
      000039 40                     622 	.uleb128	64
      00003A 06                     623 	.uleb128	6
      00003B 00                     624 	.uleb128	0
      00003C 00                     625 	.uleb128	0
      00003D 01                     626 	.uleb128	1
      00003E 11                     627 	.uleb128	17
      00003F 01                     628 	.db	1
      000040 03                     629 	.uleb128	3
      000041 08                     630 	.uleb128	8
      000042 10                     631 	.uleb128	16
      000043 06                     632 	.uleb128	6
      000044 13                     633 	.uleb128	19
      000045 0B                     634 	.uleb128	11
      000046 25                     635 	.uleb128	37
      000047 08                     636 	.uleb128	8
      000048 00                     637 	.uleb128	0
      000049 00                     638 	.uleb128	0
      00004A 05                     639 	.uleb128	5
      00004B 0D                     640 	.uleb128	13
      00004C 00                     641 	.db	0
      00004D 03                     642 	.uleb128	3
      00004E 08                     643 	.uleb128	8
      00004F 38                     644 	.uleb128	56
      000050 0A                     645 	.uleb128	10
      000051 49                     646 	.uleb128	73
      000052 13                     647 	.uleb128	19
      000053 00                     648 	.uleb128	0
      000054 00                     649 	.uleb128	0
      000055 09                     650 	.uleb128	9
      000056 0B                     651 	.uleb128	11
      000057 00                     652 	.db	0
      000058 11                     653 	.uleb128	17
      000059 01                     654 	.uleb128	1
      00005A 12                     655 	.uleb128	18
      00005B 01                     656 	.uleb128	1
      00005C 00                     657 	.uleb128	0
      00005D 00                     658 	.uleb128	0
      00005E 08                     659 	.uleb128	8
      00005F 0B                     660 	.uleb128	11
      000060 01                     661 	.db	1
      000061 01                     662 	.uleb128	1
      000062 13                     663 	.uleb128	19
      000063 11                     664 	.uleb128	17
      000064 01                     665 	.uleb128	1
      000065 12                     666 	.uleb128	18
      000066 01                     667 	.uleb128	1
      000067 00                     668 	.uleb128	0
      000068 00                     669 	.uleb128	0
      000069 03                     670 	.uleb128	3
      00006A 13                     671 	.uleb128	19
      00006B 01                     672 	.db	1
      00006C 01                     673 	.uleb128	1
      00006D 13                     674 	.uleb128	19
      00006E 03                     675 	.uleb128	3
      00006F 08                     676 	.uleb128	8
      000070 0B                     677 	.uleb128	11
      000071 0B                     678 	.uleb128	11
      000072 00                     679 	.uleb128	0
      000073 00                     680 	.uleb128	0
      000074 0A                     681 	.uleb128	10
      000075 24                     682 	.uleb128	36
      000076 00                     683 	.db	0
      000077 03                     684 	.uleb128	3
      000078 08                     685 	.uleb128	8
      000079 0B                     686 	.uleb128	11
      00007A 0B                     687 	.uleb128	11
      00007B 3E                     688 	.uleb128	62
      00007C 0B                     689 	.uleb128	11
      00007D 00                     690 	.uleb128	0
      00007E 00                     691 	.uleb128	0
      00007F 00                     692 	.uleb128	0
                                    693 
                                    694 	.area .debug_info (NOLOAD)
      000000 00 00 02 26            695 	.dw	0,Ldebug_info_end-Ldebug_info_start
      000004                        696 Ldebug_info_start:
      000004 00 02                  697 	.dw	2
      000006 00 00r00r00            698 	.dw	0,(Ldebug_abbrev)
      00000A 04                     699 	.db	4
      00000B 01                     700 	.uleb128	1
      00000C 53 6F 75 72 63 65 2F   701 	.ascii "Source/Std_Lib/Src/stm8s_gpio.c"
             53 74 64 5F 4C 69 62
             2F 53 72 63 2F 73 74
             6D 38 73 5F 67 70 69
             6F 2E 63
      00002B 00                     702 	.db	0
      00002C 00 00r00r00            703 	.dw	0,(Ldebug_line_start+-4)
      000030 01                     704 	.db	1
      000031 53 44 43 43 20 76 65   705 	.ascii "SDCC version 4.0.0 #11528"
             72 73 69 6F 6E 20 34
             2E 30 2E 30 20 23 31
             31 35 32 38
      00004A 00                     706 	.db	0
      00004B 02                     707 	.uleb128	2
      00004C 00 00 01 40            708 	.dw	0,320
      000050 47 50 49 4F 5F 49 6E   709 	.ascii "GPIO_Init"
             69 74
      000059 00                     710 	.db	0
      00005A 00 00r00r00            711 	.dw	0,(_GPIO_Init)
      00005E 00 00r00r75            712 	.dw	0,(XG$GPIO_Init$0$0+1)
      000062 01                     713 	.db	1
      000063 00 00r00r54            714 	.dw	0,(Ldebug_loc_start+84)
      000067 03                     715 	.uleb128	3
      000068 00 00 00 BB            716 	.dw	0,187
      00006C 47 50 49 4F 5F 73 74   717 	.ascii "GPIO_struct"
             72 75 63 74
      000077 00                     718 	.db	0
      000078 05                     719 	.db	5
      000079 04                     720 	.uleb128	4
      00007A 00 00 01 40            721 	.dw	0,320
      00007E 05                     722 	.uleb128	5
      00007F 4F 44 52               723 	.ascii "ODR"
      000082 00                     724 	.db	0
      000083 02                     725 	.db	2
      000084 23                     726 	.db	35
      000085 00                     727 	.uleb128	0
      000086 00 00 00 79            728 	.dw	0,121
      00008A 05                     729 	.uleb128	5
      00008B 49 44 52               730 	.ascii "IDR"
      00008E 00                     731 	.db	0
      00008F 02                     732 	.db	2
      000090 23                     733 	.db	35
      000091 01                     734 	.uleb128	1
      000092 00 00 00 79            735 	.dw	0,121
      000096 05                     736 	.uleb128	5
      000097 44 44 52               737 	.ascii "DDR"
      00009A 00                     738 	.db	0
      00009B 02                     739 	.db	2
      00009C 23                     740 	.db	35
      00009D 02                     741 	.uleb128	2
      00009E 00 00 00 79            742 	.dw	0,121
      0000A2 05                     743 	.uleb128	5
      0000A3 43 52 31               744 	.ascii "CR1"
      0000A6 00                     745 	.db	0
      0000A7 02                     746 	.db	2
      0000A8 23                     747 	.db	35
      0000A9 03                     748 	.uleb128	3
      0000AA 00 00 00 79            749 	.dw	0,121
      0000AE 05                     750 	.uleb128	5
      0000AF 43 52 32               751 	.ascii "CR2"
      0000B2 00                     752 	.db	0
      0000B3 02                     753 	.db	2
      0000B4 23                     754 	.db	35
      0000B5 04                     755 	.uleb128	4
      0000B6 00 00 00 79            756 	.dw	0,121
      0000BA 00                     757 	.uleb128	0
      0000BB 06                     758 	.uleb128	6
      0000BC 02                     759 	.db	2
      0000BD 00 00 00 67            760 	.dw	0,103
      0000C1 07                     761 	.uleb128	7
      0000C2 02                     762 	.db	2
      0000C3 91                     763 	.db	145
      0000C4 02                     764 	.sleb128	2
      0000C5 47 50 49 4F 78         765 	.ascii "GPIOx"
      0000CA 00                     766 	.db	0
      0000CB 00 00 00 BB            767 	.dw	0,187
      0000CF 07                     768 	.uleb128	7
      0000D0 02                     769 	.db	2
      0000D1 91                     770 	.db	145
      0000D2 04                     771 	.sleb128	4
      0000D3 47 50 49 4F 5F 50 69   772 	.ascii "GPIO_Pin"
             6E
      0000DB 00                     773 	.db	0
      0000DC 00 00 01 51            774 	.dw	0,337
      0000E0 07                     775 	.uleb128	7
      0000E1 02                     776 	.db	2
      0000E2 91                     777 	.db	145
      0000E3 05                     778 	.sleb128	5
      0000E4 47 50 49 4F 5F 4D 6F   779 	.ascii "GPIO_Mode"
             64 65
      0000ED 00                     780 	.db	0
      0000EE 00 00 01 51            781 	.dw	0,337
      0000F2 08                     782 	.uleb128	8
      0000F3 00 00 01 12            783 	.dw	0,274
      0000F7 00 00r00r22            784 	.dw	0,(Sstm8s_gpio$GPIO_Init$9)
      0000FB 00 00r00r3C            785 	.dw	0,(Sstm8s_gpio$GPIO_Init$20)
      0000FF 09                     786 	.uleb128	9
      000100 00 00r00r2A            787 	.dw	0,(Sstm8s_gpio$GPIO_Init$13)
      000104 00 00r00r2E            788 	.dw	0,(Sstm8s_gpio$GPIO_Init$15)
      000108 09                     789 	.uleb128	9
      000109 00 00r00r30            790 	.dw	0,(Sstm8s_gpio$GPIO_Init$16)
      00010D 00 00r00r34            791 	.dw	0,(Sstm8s_gpio$GPIO_Init$18)
      000111 00                     792 	.uleb128	0
      000112 09                     793 	.uleb128	9
      000113 00 00r00r3E            794 	.dw	0,(Sstm8s_gpio$GPIO_Init$21)
      000117 00 00r00r46            795 	.dw	0,(Sstm8s_gpio$GPIO_Init$23)
      00011B 09                     796 	.uleb128	9
      00011C 00 00r00r53            797 	.dw	0,(Sstm8s_gpio$GPIO_Init$28)
      000120 00 00r00r56            798 	.dw	0,(Sstm8s_gpio$GPIO_Init$30)
      000124 09                     799 	.uleb128	9
      000125 00 00r00r58            800 	.dw	0,(Sstm8s_gpio$GPIO_Init$31)
      000129 00 00r00r5B            801 	.dw	0,(Sstm8s_gpio$GPIO_Init$33)
      00012D 09                     802 	.uleb128	9
      00012E 00 00r00r66            803 	.dw	0,(Sstm8s_gpio$GPIO_Init$38)
      000132 00 00r00r6B            804 	.dw	0,(Sstm8s_gpio$GPIO_Init$40)
      000136 09                     805 	.uleb128	9
      000137 00 00r00r6D            806 	.dw	0,(Sstm8s_gpio$GPIO_Init$41)
      00013B 00 00r00r72            807 	.dw	0,(Sstm8s_gpio$GPIO_Init$43)
      00013F 00                     808 	.uleb128	0
      000140 0A                     809 	.uleb128	10
      000141 75 6E 73 69 67 6E 65   810 	.ascii "unsigned char"
             64 20 63 68 61 72
      00014E 00                     811 	.db	0
      00014F 01                     812 	.db	1
      000150 08                     813 	.db	8
      000151 0A                     814 	.uleb128	10
      000152 75 6E 73 69 67 6E 65   815 	.ascii "unsigned char"
             64 20 63 68 61 72
      00015F 00                     816 	.db	0
      000160 01                     817 	.db	1
      000161 08                     818 	.db	8
      000162 02                     819 	.uleb128	2
      000163 00 00 01 A3            820 	.dw	0,419
      000167 47 50 49 4F 5F 57 72   821 	.ascii "GPIO_WriteHigh"
             69 74 65 48 69 67 68
      000175 00                     822 	.db	0
      000176 00 00r00r75            823 	.dw	0,(_GPIO_WriteHigh)
      00017A 00 00r00r7C            824 	.dw	0,(XG$GPIO_WriteHigh$0$0+1)
      00017E 01                     825 	.db	1
      00017F 00 00r00r40            826 	.dw	0,(Ldebug_loc_start+64)
      000183 07                     827 	.uleb128	7
      000184 02                     828 	.db	2
      000185 91                     829 	.db	145
      000186 02                     830 	.sleb128	2
      000187 47 50 49 4F 78         831 	.ascii "GPIOx"
      00018C 00                     832 	.db	0
      00018D 00 00 00 BB            833 	.dw	0,187
      000191 07                     834 	.uleb128	7
      000192 02                     835 	.db	2
      000193 91                     836 	.db	145
      000194 04                     837 	.sleb128	4
      000195 50 6F 72 74 50 69 6E   838 	.ascii "PortPins"
             73
      00019D 00                     839 	.db	0
      00019E 00 00 01 51            840 	.dw	0,337
      0001A2 00                     841 	.uleb128	0
      0001A3 02                     842 	.uleb128	2
      0001A4 00 00 01 E3            843 	.dw	0,483
      0001A8 47 50 49 4F 5F 57 72   844 	.ascii "GPIO_WriteLow"
             69 74 65 4C 6F 77
      0001B5 00                     845 	.db	0
      0001B6 00 00r00r7C            846 	.dw	0,(_GPIO_WriteLow)
      0001BA 00 00r00r8A            847 	.dw	0,(XG$GPIO_WriteLow$0$0+1)
      0001BE 01                     848 	.db	1
      0001BF 00 00r00r14            849 	.dw	0,(Ldebug_loc_start+20)
      0001C3 07                     850 	.uleb128	7
      0001C4 02                     851 	.db	2
      0001C5 91                     852 	.db	145
      0001C6 02                     853 	.sleb128	2
      0001C7 47 50 49 4F 78         854 	.ascii "GPIOx"
      0001CC 00                     855 	.db	0
      0001CD 00 00 00 BB            856 	.dw	0,187
      0001D1 07                     857 	.uleb128	7
      0001D2 02                     858 	.db	2
      0001D3 91                     859 	.db	145
      0001D4 04                     860 	.sleb128	4
      0001D5 50 6F 72 74 50 69 6E   861 	.ascii "PortPins"
             73
      0001DD 00                     862 	.db	0
      0001DE 00 00 01 51            863 	.dw	0,337
      0001E2 00                     864 	.uleb128	0
      0001E3 0B                     865 	.uleb128	11
      0001E4 47 50 49 4F 5F 52 65   866 	.ascii "GPIO_ReadInputPin"
             61 64 49 6E 70 75 74
             50 69 6E
      0001F5 00                     867 	.db	0
      0001F6 00 00r00r8A            868 	.dw	0,(_GPIO_ReadInputPin)
      0001FA 00 00r00r91            869 	.dw	0,(XG$GPIO_ReadInputPin$0$0+1)
      0001FE 01                     870 	.db	1
      0001FF 00 00r00r00            871 	.dw	0,(Ldebug_loc_start)
      000203 00 00 01 51            872 	.dw	0,337
      000207 07                     873 	.uleb128	7
      000208 02                     874 	.db	2
      000209 91                     875 	.db	145
      00020A 02                     876 	.sleb128	2
      00020B 47 50 49 4F 78         877 	.ascii "GPIOx"
      000210 00                     878 	.db	0
      000211 00 00 00 BB            879 	.dw	0,187
      000215 07                     880 	.uleb128	7
      000216 02                     881 	.db	2
      000217 91                     882 	.db	145
      000218 04                     883 	.sleb128	4
      000219 47 50 49 4F 5F 50 69   884 	.ascii "GPIO_Pin"
             6E
      000221 00                     885 	.db	0
      000222 00 00 01 51            886 	.dw	0,337
      000226 00                     887 	.uleb128	0
      000227 00                     888 	.uleb128	0
      000228 00                     889 	.uleb128	0
      000229 00                     890 	.uleb128	0
      00022A                        891 Ldebug_info_end:
                                    892 
                                    893 	.area .debug_pubnames (NOLOAD)
      000000 00 00 00 57            894 	.dw	0,Ldebug_pubnames_end-Ldebug_pubnames_start
      000004                        895 Ldebug_pubnames_start:
      000004 00 02                  896 	.dw	2
      000006 00 00r00r00            897 	.dw	0,(Ldebug_info_start-4)
      00000A 00 00 02 2A            898 	.dw	0,4+Ldebug_info_end-Ldebug_info_start
      00000E 00 00 00 4B            899 	.dw	0,75
      000012 47 50 49 4F 5F 49 6E   900 	.ascii "GPIO_Init"
             69 74
      00001B 00                     901 	.db	0
      00001C 00 00 01 62            902 	.dw	0,354
      000020 47 50 49 4F 5F 57 72   903 	.ascii "GPIO_WriteHigh"
             69 74 65 48 69 67 68
      00002E 00                     904 	.db	0
      00002F 00 00 01 A3            905 	.dw	0,419
      000033 47 50 49 4F 5F 57 72   906 	.ascii "GPIO_WriteLow"
             69 74 65 4C 6F 77
      000040 00                     907 	.db	0
      000041 00 00 01 E3            908 	.dw	0,483
      000045 47 50 49 4F 5F 52 65   909 	.ascii "GPIO_ReadInputPin"
             61 64 49 6E 70 75 74
             50 69 6E
      000056 00                     910 	.db	0
      000057 00 00 00 00            911 	.dw	0,0
      00005B                        912 Ldebug_pubnames_end:
                                    913 
                                    914 	.area .debug_frame (NOLOAD)
      000000 00 00                  915 	.dw	0
      000002 00 0E                  916 	.dw	Ldebug_CIE0_end-Ldebug_CIE0_start
      000004                        917 Ldebug_CIE0_start:
      000004 FF FF                  918 	.dw	0xffff
      000006 FF FF                  919 	.dw	0xffff
      000008 01                     920 	.db	1
      000009 00                     921 	.db	0
      00000A 01                     922 	.uleb128	1
      00000B 7F                     923 	.sleb128	-1
      00000C 09                     924 	.db	9
      00000D 0C                     925 	.db	12
      00000E 08                     926 	.uleb128	8
      00000F 02                     927 	.uleb128	2
      000010 89                     928 	.db	137
      000011 01                     929 	.uleb128	1
      000012                        930 Ldebug_CIE0_end:
      000012 00 00 00 13            931 	.dw	0,19
      000016 00 00r00r00            932 	.dw	0,(Ldebug_CIE0_start-4)
      00001A 00 00r00r8A            933 	.dw	0,(Sstm8s_gpio$GPIO_ReadInputPin$63)	;initial loc
      00001E 00 00 00 07            934 	.dw	0,Sstm8s_gpio$GPIO_ReadInputPin$67-Sstm8s_gpio$GPIO_ReadInputPin$63
      000022 01                     935 	.db	1
      000023 00 00r00r8A            936 	.dw	0,(Sstm8s_gpio$GPIO_ReadInputPin$63)
      000027 0E                     937 	.db	14
      000028 02                     938 	.uleb128	2
                                    939 
                                    940 	.area .debug_frame (NOLOAD)
      000029 00 00                  941 	.dw	0
      00002B 00 0E                  942 	.dw	Ldebug_CIE1_end-Ldebug_CIE1_start
      00002D                        943 Ldebug_CIE1_start:
      00002D FF FF                  944 	.dw	0xffff
      00002F FF FF                  945 	.dw	0xffff
      000031 01                     946 	.db	1
      000032 00                     947 	.db	0
      000033 01                     948 	.uleb128	1
      000034 7F                     949 	.sleb128	-1
      000035 09                     950 	.db	9
      000036 0C                     951 	.db	12
      000037 08                     952 	.uleb128	8
      000038 02                     953 	.uleb128	2
      000039 89                     954 	.db	137
      00003A 01                     955 	.uleb128	1
      00003B                        956 Ldebug_CIE1_end:
      00003B 00 00 00 21            957 	.dw	0,33
      00003F 00 00r00r29            958 	.dw	0,(Ldebug_CIE1_start-4)
      000043 00 00r00r7C            959 	.dw	0,(Sstm8s_gpio$GPIO_WriteLow$55)	;initial loc
      000047 00 00 00 0E            960 	.dw	0,Sstm8s_gpio$GPIO_WriteLow$61-Sstm8s_gpio$GPIO_WriteLow$55
      00004B 01                     961 	.db	1
      00004C 00 00r00r7C            962 	.dw	0,(Sstm8s_gpio$GPIO_WriteLow$55)
      000050 0E                     963 	.db	14
      000051 02                     964 	.uleb128	2
      000052 01                     965 	.db	1
      000053 00 00r00r7D            966 	.dw	0,(Sstm8s_gpio$GPIO_WriteLow$56)
      000057 0E                     967 	.db	14
      000058 03                     968 	.uleb128	3
      000059 01                     969 	.db	1
      00005A 00 00r00r89            970 	.dw	0,(Sstm8s_gpio$GPIO_WriteLow$59)
      00005E 0E                     971 	.db	14
      00005F 02                     972 	.uleb128	2
                                    973 
                                    974 	.area .debug_frame (NOLOAD)
      000060 00 00                  975 	.dw	0
      000062 00 0E                  976 	.dw	Ldebug_CIE2_end-Ldebug_CIE2_start
      000064                        977 Ldebug_CIE2_start:
      000064 FF FF                  978 	.dw	0xffff
      000066 FF FF                  979 	.dw	0xffff
      000068 01                     980 	.db	1
      000069 00                     981 	.db	0
      00006A 01                     982 	.uleb128	1
      00006B 7F                     983 	.sleb128	-1
      00006C 09                     984 	.db	9
      00006D 0C                     985 	.db	12
      00006E 08                     986 	.uleb128	8
      00006F 02                     987 	.uleb128	2
      000070 89                     988 	.db	137
      000071 01                     989 	.uleb128	1
      000072                        990 Ldebug_CIE2_end:
      000072 00 00 00 13            991 	.dw	0,19
      000076 00 00r00r60            992 	.dw	0,(Ldebug_CIE2_start-4)
      00007A 00 00r00r75            993 	.dw	0,(Sstm8s_gpio$GPIO_WriteHigh$49)	;initial loc
      00007E 00 00 00 07            994 	.dw	0,Sstm8s_gpio$GPIO_WriteHigh$53-Sstm8s_gpio$GPIO_WriteHigh$49
      000082 01                     995 	.db	1
      000083 00 00r00r75            996 	.dw	0,(Sstm8s_gpio$GPIO_WriteHigh$49)
      000087 0E                     997 	.db	14
      000088 02                     998 	.uleb128	2
                                    999 
                                   1000 	.area .debug_frame (NOLOAD)
      000089 00 00                 1001 	.dw	0
      00008B 00 0E                 1002 	.dw	Ldebug_CIE3_end-Ldebug_CIE3_start
      00008D                       1003 Ldebug_CIE3_start:
      00008D FF FF                 1004 	.dw	0xffff
      00008F FF FF                 1005 	.dw	0xffff
      000091 01                    1006 	.db	1
      000092 00                    1007 	.db	0
      000093 01                    1008 	.uleb128	1
      000094 7F                    1009 	.sleb128	-1
      000095 09                    1010 	.db	9
      000096 0C                    1011 	.db	12
      000097 08                    1012 	.uleb128	8
      000098 02                    1013 	.uleb128	2
      000099 89                    1014 	.db	137
      00009A 01                    1015 	.uleb128	1
      00009B                       1016 Ldebug_CIE3_end:
      00009B 00 00 00 59           1017 	.dw	0,89
      00009F 00 00r00r89           1018 	.dw	0,(Ldebug_CIE3_start-4)
      0000A3 00 00r00r00           1019 	.dw	0,(Sstm8s_gpio$GPIO_Init$1)	;initial loc
      0000A7 00 00 00 75           1020 	.dw	0,Sstm8s_gpio$GPIO_Init$47-Sstm8s_gpio$GPIO_Init$1
      0000AB 01                    1021 	.db	1
      0000AC 00 00r00r00           1022 	.dw	0,(Sstm8s_gpio$GPIO_Init$1)
      0000B0 0E                    1023 	.db	14
      0000B1 02                    1024 	.uleb128	2
      0000B2 01                    1025 	.db	1
      0000B3 00 00r00r02           1026 	.dw	0,(Sstm8s_gpio$GPIO_Init$2)
      0000B7 0E                    1027 	.db	14
      0000B8 07                    1028 	.uleb128	7
      0000B9 01                    1029 	.db	1
      0000BA 00 00r00r0C           1030 	.dw	0,(Sstm8s_gpio$GPIO_Init$4)
      0000BE 0E                    1031 	.db	14
      0000BF 08                    1032 	.uleb128	8
      0000C0 01                    1033 	.db	1
      0000C1 00 00r00r12           1034 	.dw	0,(Sstm8s_gpio$GPIO_Init$5)
      0000C5 0E                    1035 	.db	14
      0000C6 07                    1036 	.uleb128	7
      0000C7 01                    1037 	.db	1
      0000C8 00 00r00r23           1038 	.dw	0,(Sstm8s_gpio$GPIO_Init$11)
      0000CC 0E                    1039 	.db	14
      0000CD 08                    1040 	.uleb128	8
      0000CE 01                    1041 	.db	1
      0000CF 00 00r00r28           1042 	.dw	0,(Sstm8s_gpio$GPIO_Init$12)
      0000D3 0E                    1043 	.db	14
      0000D4 07                    1044 	.uleb128	7
      0000D5 01                    1045 	.db	1
      0000D6 00 00r00r4C           1046 	.dw	0,(Sstm8s_gpio$GPIO_Init$26)
      0000DA 0E                    1047 	.db	14
      0000DB 08                    1048 	.uleb128	8
      0000DC 01                    1049 	.db	1
      0000DD 00 00r00r51           1050 	.dw	0,(Sstm8s_gpio$GPIO_Init$27)
      0000E1 0E                    1051 	.db	14
      0000E2 07                    1052 	.uleb128	7
      0000E3 01                    1053 	.db	1
      0000E4 00 00r00r5F           1054 	.dw	0,(Sstm8s_gpio$GPIO_Init$36)
      0000E8 0E                    1055 	.db	14
      0000E9 08                    1056 	.uleb128	8
      0000EA 01                    1057 	.db	1
      0000EB 00 00r00r64           1058 	.dw	0,(Sstm8s_gpio$GPIO_Init$37)
      0000EF 0E                    1059 	.db	14
      0000F0 07                    1060 	.uleb128	7
      0000F1 01                    1061 	.db	1
      0000F2 00 00r00r74           1062 	.dw	0,(Sstm8s_gpio$GPIO_Init$45)
      0000F6 0E                    1063 	.db	14
      0000F7 02                    1064 	.uleb128	2
