                                      1 ;--------------------------------------------------------
                                      2 ; File Created by SDCC : free open source ANSI-C Compiler
                                      3 ; Version 4.0.0 #11528 (MINGW64)
                                      4 ;--------------------------------------------------------
                                      5 	.module main
                                      6 	.optsdcc -mstm8
                                      7 	
                                      8 ;--------------------------------------------------------
                                      9 ; Public variables in this module
                                     10 ;--------------------------------------------------------
                                     11 	.globl _main
                                     12 	.globl _DS3231_GetTime
                                     13 	.globl _DS3231_Init
                                     14 	.globl _NIXIE_DisplayTime
                                     15 	.globl _NIXIE_Init
                                     16 	.globl _GPS_Init
                                     17 	.globl _CLK_DeInit
                                     18 ;--------------------------------------------------------
                                     19 ; ram data
                                     20 ;--------------------------------------------------------
                                     21 	.area DATA
                                     22 ;--------------------------------------------------------
                                     23 ; ram data
                                     24 ;--------------------------------------------------------
                                     25 	.area INITIALIZED
                                     26 ;--------------------------------------------------------
                                     27 ; Stack segment in internal ram 
                                     28 ;--------------------------------------------------------
                                     29 	.area	SSEG
      000000                         30 __start__stack:
      000000                         31 	.ds	1
                                     32 
                                     33 ;--------------------------------------------------------
                                     34 ; absolute external ram data
                                     35 ;--------------------------------------------------------
                                     36 	.area DABS (ABS)
                                     37 
                                     38 ; default segment ordering for linker
                                     39 	.area HOME
                                     40 	.area GSINIT
                                     41 	.area GSFINAL
                                     42 	.area CONST
                                     43 	.area INITIALIZER
                                     44 	.area CODE
                                     45 
                                     46 ;--------------------------------------------------------
                                     47 ; interrupt vector 
                                     48 ;--------------------------------------------------------
                                     49 	.area HOME
      000000                         50 __interrupt_vect:
      000000 82v00u00u00             51 	int s_GSINIT ; reset
      000004 82 00 00 00             52 	int 0x000000 ; trap
      000008 82 00 00 00             53 	int 0x000000 ; int0
      00000C 82 00 00 00             54 	int 0x000000 ; int1
      000010 82 00 00 00             55 	int 0x000000 ; int2
      000014 82 00 00 00             56 	int 0x000000 ; int3
      000018 82 00 00 00             57 	int 0x000000 ; int4
      00001C 82 00 00 00             58 	int 0x000000 ; int5
      000020 82 00 00 00             59 	int 0x000000 ; int6
      000024 82 00 00 00             60 	int 0x000000 ; int7
      000028 82 00 00 00             61 	int 0x000000 ; int8
      00002C 82 00 00 00             62 	int 0x000000 ; int9
      000030 82 00 00 00             63 	int 0x000000 ; int10
      000034 82 00 00 00             64 	int 0x000000 ; int11
      000038 82 00 00 00             65 	int 0x000000 ; int12
      00003C 82 00 00 00             66 	int 0x000000 ; int13
      000040 82 00 00 00             67 	int 0x000000 ; int14
      000044 82 00 00 00             68 	int 0x000000 ; int15
      000048 82 00 00 00             69 	int 0x000000 ; int16
      00004C 82 00 00 00             70 	int 0x000000 ; int17
      000050 82v00u00u00             71 	int _UART1_RX_IRQHandler ; int18
                                     72 ;--------------------------------------------------------
                                     73 ; global & static initialisations
                                     74 ;--------------------------------------------------------
                                     75 	.area HOME
                                     76 	.area GSINIT
                                     77 	.area GSFINAL
                                     78 	.area GSINIT
      000000                         79 __sdcc_gs_init_startup:
      000000                         80 __sdcc_init_data:
                                     81 ; stm8_genXINIT() start
      000000 AEr00r00         [ 2]   82 	ldw x, #l_DATA
      000003 27 07            [ 1]   83 	jreq	00002$
      000005                         84 00001$:
      000005 72 4FuFFuFF      [ 1]   85 	clr (s_DATA - 1, x)
      000009 5A               [ 2]   86 	decw x
      00000A 26 F9            [ 1]   87 	jrne	00001$
      00000C                         88 00002$:
      00000C AEr00r00         [ 2]   89 	ldw	x, #l_INITIALIZER
      00000F 27 09            [ 1]   90 	jreq	00004$
      000011                         91 00003$:
      000011 D6uFFuFF         [ 1]   92 	ld	a, (s_INITIALIZER - 1, x)
      000014 D7uFFuFF         [ 1]   93 	ld	(s_INITIALIZED - 1, x), a
      000017 5A               [ 2]   94 	decw	x
      000018 26 F7            [ 1]   95 	jrne	00003$
      00001A                         96 00004$:
                                     97 ; stm8_genXINIT() end
                                     98 	.area GSFINAL
      000000 CCr00r54         [ 2]   99 	jp	__sdcc_program_startup
                                    100 ;--------------------------------------------------------
                                    101 ; Home
                                    102 ;--------------------------------------------------------
                                    103 	.area HOME
                                    104 	.area HOME
      000054                        105 __sdcc_program_startup:
      000054 CCr00r00         [ 2]  106 	jp	_main
                                    107 ;	return from main will return to caller
                                    108 ;--------------------------------------------------------
                                    109 ; code
                                    110 ;--------------------------------------------------------
                                    111 	.area CODE
                                    112 ;	Source/User/main.c: 3: int main(void)
                                    113 ;	-----------------------------------------
                                    114 ;	 function main
                                    115 ;	-----------------------------------------
      000000                        116 _main:
                                    117 ;	Source/User/main.c: 5: CLK_DeInit();//全部外设的时钟都打开了
      000000 CDr00r00         [ 4]  118 	call	_CLK_DeInit
                                    119 ;	Source/User/main.c: 6: rim();
      000003 9A               [ 1]  120 	rim
                                    121 ;	Source/User/main.c: 8: GPS_Init();//PD5 PD6
      000004 CDr00r00         [ 4]  122 	call	_GPS_Init
                                    123 ;	Source/User/main.c: 9: NIXIE_Init();//PC5 PC6 PC7
      000007 CDr00r00         [ 4]  124 	call	_NIXIE_Init
                                    125 ;	Source/User/main.c: 10: DS3231_Init();
      00000A CDr00r00         [ 4]  126 	call	_DS3231_Init
                                    127 ;	Source/User/main.c: 11: while(1)
      00000D                        128 00102$:
                                    129 ;	Source/User/main.c: 13: NIXIE_DisplayTime(1,2);
      00000D 4B 02            [ 1]  130 	push	#0x02
      00000F 4B 01            [ 1]  131 	push	#0x01
      000011 CDr00r00         [ 4]  132 	call	_NIXIE_DisplayTime
      000014 85               [ 2]  133 	popw	x
                                    134 ;	Source/User/main.c: 14: DS3231_GetTime();
      000015 CDr00r00         [ 4]  135 	call	_DS3231_GetTime
      000018 20 F3            [ 2]  136 	jra	00102$
                                    137 ;	Source/User/main.c: 16: }
      00001A 81               [ 4]  138 	ret
                                    139 	.area CODE
                                    140 	.area CONST
                                    141 	.area INITIALIZER
                                    142 	.area CABS (ABS)
