                                      1 ;--------------------------------------------------------
                                      2 ; File Created by SDCC : free open source ANSI-C Compiler
                                      3 ; Version 4.0.0 #11528 (MINGW64)
                                      4 ;--------------------------------------------------------
                                      5 	.module stm8s_clk
                                      6 	.optsdcc -mstm8
                                      7 	
                                      8 ;--------------------------------------------------------
                                      9 ; Public variables in this module
                                     10 ;--------------------------------------------------------
                                     11 	.globl _CLKPrescTable
                                     12 	.globl _HSIDivFactor
                                     13 	.globl _CLK_DeInit
                                     14 	.globl _CLK_GetClockFreq
                                     15 ;--------------------------------------------------------
                                     16 ; ram data
                                     17 ;--------------------------------------------------------
                                     18 	.area DATA
                                     19 ;--------------------------------------------------------
                                     20 ; ram data
                                     21 ;--------------------------------------------------------
                                     22 	.area INITIALIZED
                                     23 ;--------------------------------------------------------
                                     24 ; absolute external ram data
                                     25 ;--------------------------------------------------------
                                     26 	.area DABS (ABS)
                                     27 
                                     28 ; default segment ordering for linker
                                     29 	.area HOME
                                     30 	.area GSINIT
                                     31 	.area GSFINAL
                                     32 	.area CONST
                                     33 	.area INITIALIZER
                                     34 	.area CODE
                                     35 
                                     36 ;--------------------------------------------------------
                                     37 ; global & static initialisations
                                     38 ;--------------------------------------------------------
                                     39 	.area HOME
                                     40 	.area GSINIT
                                     41 	.area GSFINAL
                                     42 	.area GSINIT
                                     43 ;--------------------------------------------------------
                                     44 ; Home
                                     45 ;--------------------------------------------------------
                                     46 	.area HOME
                                     47 	.area HOME
                                     48 ;--------------------------------------------------------
                                     49 ; code
                                     50 ;--------------------------------------------------------
                                     51 	.area CODE
                                     52 ;	Source/Std_Lib/Src/stm8s_clk.c: 72: void CLK_DeInit(void)
                                     53 ;	-----------------------------------------
                                     54 ;	 function CLK_DeInit
                                     55 ;	-----------------------------------------
      000000                         56 _CLK_DeInit:
                                     57 ;	Source/Std_Lib/Src/stm8s_clk.c: 74: CLK->ICKR = CLK_ICKR_RESET_VALUE;
      000000 35 01 50 C0      [ 1]   58 	mov	0x50c0+0, #0x01
                                     59 ;	Source/Std_Lib/Src/stm8s_clk.c: 75: CLK->ECKR = CLK_ECKR_RESET_VALUE;
      000004 35 00 50 C1      [ 1]   60 	mov	0x50c1+0, #0x00
                                     61 ;	Source/Std_Lib/Src/stm8s_clk.c: 76: CLK->SWR  = CLK_SWR_RESET_VALUE;
      000008 35 E1 50 C4      [ 1]   62 	mov	0x50c4+0, #0xe1
                                     63 ;	Source/Std_Lib/Src/stm8s_clk.c: 77: CLK->SWCR = CLK_SWCR_RESET_VALUE;
      00000C 35 00 50 C5      [ 1]   64 	mov	0x50c5+0, #0x00
                                     65 ;	Source/Std_Lib/Src/stm8s_clk.c: 78: CLK->CKDIVR = CLK_CKDIVR_RESET_VALUE;
      000010 35 18 50 C6      [ 1]   66 	mov	0x50c6+0, #0x18
                                     67 ;	Source/Std_Lib/Src/stm8s_clk.c: 79: CLK->PCKENR1 = CLK_PCKENR1_RESET_VALUE;
      000014 35 FF 50 C7      [ 1]   68 	mov	0x50c7+0, #0xff
                                     69 ;	Source/Std_Lib/Src/stm8s_clk.c: 80: CLK->PCKENR2 = CLK_PCKENR2_RESET_VALUE;
      000018 35 FF 50 CA      [ 1]   70 	mov	0x50ca+0, #0xff
                                     71 ;	Source/Std_Lib/Src/stm8s_clk.c: 81: CLK->CSSR = CLK_CSSR_RESET_VALUE;
      00001C 35 00 50 C8      [ 1]   72 	mov	0x50c8+0, #0x00
                                     73 ;	Source/Std_Lib/Src/stm8s_clk.c: 82: CLK->CCOR = CLK_CCOR_RESET_VALUE;
      000020 35 00 50 C9      [ 1]   74 	mov	0x50c9+0, #0x00
                                     75 ;	Source/Std_Lib/Src/stm8s_clk.c: 83: while ((CLK->CCOR & CLK_CCOR_CCOEN)!= 0)
      000024                         76 00101$:
      000024 C6 50 C9         [ 1]   77 	ld	a, 0x50c9
      000027 44               [ 1]   78 	srl	a
      000028 25 FA            [ 1]   79 	jrc	00101$
                                     80 ;	Source/Std_Lib/Src/stm8s_clk.c: 85: CLK->CCOR = CLK_CCOR_RESET_VALUE;
      00002A 35 00 50 C9      [ 1]   81 	mov	0x50c9+0, #0x00
                                     82 ;	Source/Std_Lib/Src/stm8s_clk.c: 86: CLK->HSITRIMR = CLK_HSITRIMR_RESET_VALUE;
      00002E 35 00 50 CC      [ 1]   83 	mov	0x50cc+0, #0x00
                                     84 ;	Source/Std_Lib/Src/stm8s_clk.c: 87: CLK->SWIMCCR = CLK_SWIMCCR_RESET_VALUE;
      000032 35 00 50 CD      [ 1]   85 	mov	0x50cd+0, #0x00
                                     86 ;	Source/Std_Lib/Src/stm8s_clk.c: 88: }
      000036 81               [ 4]   87 	ret
                                     88 ;	Source/Std_Lib/Src/stm8s_clk.c: 569: uint32_t CLK_GetClockFreq(void)
                                     89 ;	-----------------------------------------
                                     90 ;	 function CLK_GetClockFreq
                                     91 ;	-----------------------------------------
      000037                         92 _CLK_GetClockFreq:
      000037 52 04            [ 2]   93 	sub	sp, #4
                                     94 ;	Source/Std_Lib/Src/stm8s_clk.c: 576: clocksource = (CLK_Source_TypeDef)CLK->CMSR;
      000039 C6 50 C3         [ 1]   95 	ld	a, 0x50c3
                                     96 ;	Source/Std_Lib/Src/stm8s_clk.c: 578: if (clocksource == CLK_SOURCE_HSI)
      00003C 6B 04            [ 1]   97 	ld	(0x04, sp), a
      00003E A1 E1            [ 1]   98 	cp	a, #0xe1
      000040 26 26            [ 1]   99 	jrne	00105$
                                    100 ;	Source/Std_Lib/Src/stm8s_clk.c: 580: tmp = (uint8_t)(CLK->CKDIVR & CLK_CKDIVR_HSIDIV);
      000042 C6 50 C6         [ 1]  101 	ld	a, 0x50c6
      000045 A4 18            [ 1]  102 	and	a, #0x18
                                    103 ;	Source/Std_Lib/Src/stm8s_clk.c: 581: tmp = (uint8_t)(tmp >> 3);
      000047 44               [ 1]  104 	srl	a
      000048 44               [ 1]  105 	srl	a
      000049 44               [ 1]  106 	srl	a
                                    107 ;	Source/Std_Lib/Src/stm8s_clk.c: 582: presc = HSIDivFactor[tmp];
      00004A 5F               [ 1]  108 	clrw	x
      00004B 97               [ 1]  109 	ld	xl, a
      00004C 1Cr00r00         [ 2]  110 	addw	x, #(_HSIDivFactor + 0)
      00004F F6               [ 1]  111 	ld	a, (x)
                                    112 ;	Source/Std_Lib/Src/stm8s_clk.c: 583: clockfrequency = HSI_VALUE / presc;
      000050 5F               [ 1]  113 	clrw	x
      000051 97               [ 1]  114 	ld	xl, a
      000052 90 5F            [ 1]  115 	clrw	y
      000054 89               [ 2]  116 	pushw	x
      000055 90 89            [ 2]  117 	pushw	y
      000057 4B 00            [ 1]  118 	push	#0x00
      000059 4B 24            [ 1]  119 	push	#0x24
      00005B 4B F4            [ 1]  120 	push	#0xf4
      00005D 4B 00            [ 1]  121 	push	#0x00
      00005F CDr00r00         [ 4]  122 	call	__divulong
      000062 5B 08            [ 2]  123 	addw	sp, #8
      000064 1F 03            [ 2]  124 	ldw	(0x03, sp), x
      000066 20 1A            [ 2]  125 	jra	00106$
      000068                        126 00105$:
                                    127 ;	Source/Std_Lib/Src/stm8s_clk.c: 585: else if ( clocksource == CLK_SOURCE_LSI)
      000068 7B 04            [ 1]  128 	ld	a, (0x04, sp)
      00006A A1 D2            [ 1]  129 	cp	a, #0xd2
      00006C 26 0B            [ 1]  130 	jrne	00102$
                                    131 ;	Source/Std_Lib/Src/stm8s_clk.c: 587: clockfrequency = LSI_VALUE;
      00006E AE F4 00         [ 2]  132 	ldw	x, #0xf400
      000071 1F 03            [ 2]  133 	ldw	(0x03, sp), x
      000073 90 AE 00 01      [ 2]  134 	ldw	y, #0x0001
      000077 20 09            [ 2]  135 	jra	00106$
      000079                        136 00102$:
                                    137 ;	Source/Std_Lib/Src/stm8s_clk.c: 591: clockfrequency = HSE_VALUE;
      000079 AE 24 00         [ 2]  138 	ldw	x, #0x2400
      00007C 1F 03            [ 2]  139 	ldw	(0x03, sp), x
      00007E 90 AE 00 F4      [ 2]  140 	ldw	y, #0x00f4
      000082                        141 00106$:
                                    142 ;	Source/Std_Lib/Src/stm8s_clk.c: 594: return((uint32_t)clockfrequency);
      000082 1E 03            [ 2]  143 	ldw	x, (0x03, sp)
                                    144 ;	Source/Std_Lib/Src/stm8s_clk.c: 595: }
      000084 5B 04            [ 2]  145 	addw	sp, #4
      000086 81               [ 4]  146 	ret
                                    147 	.area CODE
                                    148 	.area CONST
      000000                        149 _HSIDivFactor:
      000000 01                     150 	.db #0x01	; 1
      000001 02                     151 	.db #0x02	; 2
      000002 04                     152 	.db #0x04	; 4
      000003 08                     153 	.db #0x08	; 8
      000004                        154 _CLKPrescTable:
      000004 01                     155 	.db #0x01	; 1
      000005 02                     156 	.db #0x02	; 2
      000006 04                     157 	.db #0x04	; 4
      000007 08                     158 	.db #0x08	; 8
      000008 0A                     159 	.db #0x0a	; 10
      000009 10                     160 	.db #0x10	; 16
      00000A 14                     161 	.db #0x14	; 20
      00000B 28                     162 	.db #0x28	; 40
                                    163 	.area INITIALIZER
                                    164 	.area CABS (ABS)
